[NbConvertApp] Converting notebook experiments/2026-03-13/MVP_v0.2.5.8_small_mlp_scorers.ipynb to notebook
/home1/reishuen/miniconda3/envs/latent_sope/lib/python3.10/site-packages/nbformat/__init__.py:96: MissingIDFieldWarning: Cell is missing an id field, this will become a hard error in future nbformat versions. You may want to use `normalize()` on your notebooks before validations (available since nbformat 5.1.4). Previous versions of nbformat are fixing this issue transparently, and will stop doing so in the future.
  validate(nb)
Traceback (most recent call last):
  File "/home1/reishuen/miniconda3/envs/latent_sope/bin/jupyter-nbconvert", line 6, in <module>
    sys.exit(main())
  File "/home1/reishuen/miniconda3/envs/latent_sope/lib/python3.10/site-packages/jupyter_core/application.py", line 284, in launch_instance
    super().launch_instance(argv=argv, **kwargs)
  File "/home1/reishuen/miniconda3/envs/latent_sope/lib/python3.10/site-packages/traitlets/config/application.py", line 1075, in launch_instance
    app.start()
  File "/home1/reishuen/miniconda3/envs/latent_sope/lib/python3.10/site-packages/nbconvert/nbconvertapp.py", line 420, in start
    self.convert_notebooks()
  File "/home1/reishuen/miniconda3/envs/latent_sope/lib/python3.10/site-packages/nbconvert/nbconvertapp.py", line 597, in convert_notebooks
    self.convert_single_notebook(notebook_filename)
  File "/home1/reishuen/miniconda3/envs/latent_sope/lib/python3.10/site-packages/nbconvert/nbconvertapp.py", line 563, in convert_single_notebook
    output, resources = self.export_single_notebook(
  File "/home1/reishuen/miniconda3/envs/latent_sope/lib/python3.10/site-packages/nbconvert/nbconvertapp.py", line 487, in export_single_notebook
    output, resources = self.exporter.from_filename(
  File "/home1/reishuen/miniconda3/envs/latent_sope/lib/python3.10/site-packages/nbconvert/exporters/exporter.py", line 201, in from_filename
    return self.from_file(f, resources=resources, **kw)
  File "/home1/reishuen/miniconda3/envs/latent_sope/lib/python3.10/site-packages/nbconvert/exporters/exporter.py", line 220, in from_file
    return self.from_notebook_node(
  File "/home1/reishuen/miniconda3/envs/latent_sope/lib/python3.10/site-packages/nbconvert/exporters/notebook.py", line 36, in from_notebook_node
    nb_copy, resources = super().from_notebook_node(nb, resources, **kw)
  File "/home1/reishuen/miniconda3/envs/latent_sope/lib/python3.10/site-packages/nbconvert/exporters/exporter.py", line 154, in from_notebook_node
    nb_copy, resources = self._preprocess(nb_copy, resources)
  File "/home1/reishuen/miniconda3/envs/latent_sope/lib/python3.10/site-packages/nbconvert/exporters/exporter.py", line 353, in _preprocess
    nbc, resc = preprocessor(nbc, resc)
  File "/home1/reishuen/miniconda3/envs/latent_sope/lib/python3.10/site-packages/nbconvert/preprocessors/base.py", line 48, in __call__
    return self.preprocess(nb, resources)
  File "/home1/reishuen/miniconda3/envs/latent_sope/lib/python3.10/site-packages/nbconvert/preprocessors/execute.py", line 103, in preprocess
    self.preprocess_cell(cell, resources, index)
  File "/home1/reishuen/miniconda3/envs/latent_sope/lib/python3.10/site-packages/nbconvert/preprocessors/execute.py", line 124, in preprocess_cell
    cell = self.execute_cell(cell, index, store_history=True)
  File "/home1/reishuen/miniconda3/envs/latent_sope/lib/python3.10/site-packages/jupyter_core/utils/__init__.py", line 165, in wrapped
    return loop.run_until_complete(inner)
  File "/home1/reishuen/miniconda3/envs/latent_sope/lib/python3.10/asyncio/base_events.py", line 649, in run_until_complete
    return future.result()
  File "/home1/reishuen/miniconda3/envs/latent_sope/lib/python3.10/site-packages/nbclient/client.py", line 1062, in async_execute_cell
    await self._check_raise_for_error(cell, cell_index, exec_reply)
  File "/home1/reishuen/miniconda3/envs/latent_sope/lib/python3.10/site-packages/nbclient/client.py", line 918, in _check_raise_for_error
    raise CellExecutionError.from_cell_and_msg(cell, exec_reply_content)
nbclient.exceptions.CellExecutionError: An error occurred while executing the following cell:
------------------
class SinusoidalPosEmb(nn.Module):
    def __init__(self, dim):
        super().__init__()
        self.dim = dim

    def forward(self, x):
        half = self.dim // 2
        emb = math.log(10000) / (half - 1)
        emb = torch.exp(torch.arange(half, device=x.device, dtype=torch.float32) * -emb)
        emb = x.float().unsqueeze(-1) * emb.unsqueeze(0)
        return torch.cat([emb.sin(), emb.cos()], dim=-1)


class SmallDiffusionScorer(nn.Module):
    \"\"\"Small diffusion MLP scorer matching SOPE's PearceMlp architecture.

    Single-step noise prediction (no temporal UNet), 32 diffusion steps,
    linear beta schedule. Trained via standard diffusion loss on (state, action) pairs.
    \"\"\"

    def __init__(self, state_dim, action_dim, hidden_dim=256, emb_dim=64,
                 diffusion_steps=32):
        super().__init__()
        self.action_dim = action_dim
        self.diffusion_steps = diffusion_steps

        self.time_emb = nn.Sequential(
            SinusoidalPosEmb(emb_dim),
            nn.Linear(emb_dim, emb_dim),
            nn.Mish(),
        )
        self.state_emb = nn.Sequential(
            nn.Linear(state_dim, emb_dim),
            nn.Mish(),
        )
        self.net = nn.Sequential(
            nn.Linear(action_dim + 2 * emb_dim, hidden_dim),
            nn.Mish(),
            nn.Linear(hidden_dim, hidden_dim),
            nn.Mish(),
            nn.Linear(hidden_dim, action_dim),
        )

        # Linear schedule (matching SOPE)
        betas = torch.linspace(1e-4, 0.02, diffusion_steps)
        alphas = 1.0 - betas
        alphas_cumprod = torch.cumprod(alphas, 0)
        self.register_buffer('alphas_cumprod', alphas_cumprod)
        self.register_buffer('sqrt_ac', alphas_cumprod.sqrt())
        self.register_buffer('sqrt_1mac', (1 - alphas_cumprod).sqrt())

    def forward(self, action, timestep, state):
        t_emb = self.time_emb(timestep)
        s_emb = self.state_emb(state)
        x = torch.cat([action, t_emb, s_emb], dim=-1)
        return self.net(x)

    def train_on_data(self, states, actions, n_steps=5000, batch_size=256, lr=3e-4):
        opt = torch.optim.Adam(self.parameters(), lr=lr)
        dev = next(self.parameters()).device
        states_t = torch.tensor(states, dtype=torch.float32, device=dev)
        actions_t = torch.tensor(actions, dtype=torch.float32, device=dev)
        N = len(states_t)

        self.train()
        for step in range(n_steps):
            idx = torch.randint(0, N, (min(batch_size, N),))
            s, a = states_t[idx], actions_t[idx]
            t = torch.randint(0, self.diffusion_steps, (len(idx),), device=dev)
            eps = torch.randn_like(a)
            a_t = self.sqrt_ac[t, None] * a + self.sqrt_1mac[t, None] * eps
            eps_pred = self(a_t, t, s)
            loss = ((eps - eps_pred) ** 2).mean()
            opt.zero_grad()
            loss.backward()
            opt.step()

        self.eval()
        return loss.item()

    @property
    def sigma_1(self):
        return self.sqrt_1mac[1].item()

    @torch.no_grad()
    def grad_log_prob(self, state, action):
        B = state.shape[0]
        t = torch.ones(B, device=state.device, dtype=torch.long)
        eps_pred = self(action, t, state)
        return -eps_pred / self.sigma_1

    @torch.no_grad()
    def grad_log_prob_chunk(self, states, actions):
        B, T, _ = states.shape
        return self.grad_log_prob(
            states.reshape(B * T, -1), actions.reshape(B * T, -1)
        ).reshape(B, T, -1)

print(f"SmallDiffusionScorer defined. sigma[1] = {SmallDiffusionScorer(19, 7).sigma_1:.4f}")
------------------


[0;36m  Cell [0;32mIn[2], line 15[0;36m[0m
[0;31m    \"\"\"Small diffusion MLP scorer matching SOPE's PearceMlp architecture.[0m
[0m     ^[0m
[0;31mSyntaxError[0m[0;31m:[0m unexpected character after line continuation character


