[NbConvertApp] Converting notebook /home1/reishuen/latent_sope/experiments/2026-03-17/action_diversity_comparison.ipynb to notebook
pybullet build time: Jan 29 2025 23:16:28
Traceback (most recent call last):
  File "/home1/reishuen/miniconda3/envs/latent_sope/bin/jupyter-nbconvert", line 6, in <module>
    sys.exit(main())
  File "/home1/reishuen/miniconda3/envs/latent_sope/lib/python3.10/site-packages/jupyter_core/application.py", line 284, in launch_instance
    super().launch_instance(argv=argv, **kwargs)
  File "/home1/reishuen/miniconda3/envs/latent_sope/lib/python3.10/site-packages/traitlets/config/application.py", line 1075, in launch_instance
    app.start()
  File "/home1/reishuen/miniconda3/envs/latent_sope/lib/python3.10/site-packages/nbconvert/nbconvertapp.py", line 420, in start
    self.convert_notebooks()
  File "/home1/reishuen/miniconda3/envs/latent_sope/lib/python3.10/site-packages/nbconvert/nbconvertapp.py", line 597, in convert_notebooks
    self.convert_single_notebook(notebook_filename)
  File "/home1/reishuen/miniconda3/envs/latent_sope/lib/python3.10/site-packages/nbconvert/nbconvertapp.py", line 563, in convert_single_notebook
    output, resources = self.export_single_notebook(
  File "/home1/reishuen/miniconda3/envs/latent_sope/lib/python3.10/site-packages/nbconvert/nbconvertapp.py", line 487, in export_single_notebook
    output, resources = self.exporter.from_filename(
  File "/home1/reishuen/miniconda3/envs/latent_sope/lib/python3.10/site-packages/nbconvert/exporters/exporter.py", line 201, in from_filename
    return self.from_file(f, resources=resources, **kw)
  File "/home1/reishuen/miniconda3/envs/latent_sope/lib/python3.10/site-packages/nbconvert/exporters/exporter.py", line 220, in from_file
    return self.from_notebook_node(
  File "/home1/reishuen/miniconda3/envs/latent_sope/lib/python3.10/site-packages/nbconvert/exporters/notebook.py", line 36, in from_notebook_node
    nb_copy, resources = super().from_notebook_node(nb, resources, **kw)
  File "/home1/reishuen/miniconda3/envs/latent_sope/lib/python3.10/site-packages/nbconvert/exporters/exporter.py", line 154, in from_notebook_node
    nb_copy, resources = self._preprocess(nb_copy, resources)
  File "/home1/reishuen/miniconda3/envs/latent_sope/lib/python3.10/site-packages/nbconvert/exporters/exporter.py", line 353, in _preprocess
    nbc, resc = preprocessor(nbc, resc)
  File "/home1/reishuen/miniconda3/envs/latent_sope/lib/python3.10/site-packages/nbconvert/preprocessors/base.py", line 48, in __call__
    return self.preprocess(nb, resources)
  File "/home1/reishuen/miniconda3/envs/latent_sope/lib/python3.10/site-packages/nbconvert/preprocessors/execute.py", line 103, in preprocess
    self.preprocess_cell(cell, resources, index)
  File "/home1/reishuen/miniconda3/envs/latent_sope/lib/python3.10/site-packages/nbconvert/preprocessors/execute.py", line 124, in preprocess_cell
    cell = self.execute_cell(cell, index, store_history=True)
  File "/home1/reishuen/miniconda3/envs/latent_sope/lib/python3.10/site-packages/jupyter_core/utils/__init__.py", line 165, in wrapped
    return loop.run_until_complete(inner)
  File "/home1/reishuen/miniconda3/envs/latent_sope/lib/python3.10/asyncio/base_events.py", line 649, in run_until_complete
    return future.result()
  File "/home1/reishuen/miniconda3/envs/latent_sope/lib/python3.10/site-packages/nbclient/client.py", line 1062, in async_execute_cell
    await self._check_raise_for_error(cell, cell_index, exec_reply)
  File "/home1/reishuen/miniconda3/envs/latent_sope/lib/python3.10/site-packages/nbclient/client.py", line 918, in _check_raise_for_error
    raise CellExecutionError.from_cell_and_msg(cell, exec_reply_content)
nbclient.exceptions.CellExecutionError: An error occurred while executing the following cell:
------------------
hopper_results = compute_diversity_metrics(hopper_policy_actions, hopper_action_std, "Hopper D4RL")
lift_results = compute_diversity_metrics(lift_policy_actions, lift_action_std, "Lift Robomimic")
------------------

----- stdout -----

============================================================
Hopper D4RL Action Diversity Metrics
============================================================
Policies: 11, States: 500, Action dim: 3

Metric 1: Mean normalized cross-policy std = 0.7453
  Per-dim: [0.7940371  0.81469303 0.62709343]

Metric 2: Mean pairwise L2 distance (normalized) = 1.7710
  Range: [1.0760, 2.5810]

Metric 3: Agreement rate (all within 0.1σ) = 0.0000 (0.0%)
  Per-dim agreement: [0. 0. 0.]

Pairwise distance matrix:
------------------

[0;31m---------------------------------------------------------------------------[0m
[0;31mValueError[0m                                Traceback (most recent call last)
Cell [0;32mIn[8], line 1[0m
[0;32m----> 1[0m hopper_results [38;5;241m=[39m [43mcompute_diversity_metrics[49m[43m([49m[43mhopper_policy_actions[49m[43m,[49m[43m [49m[43mhopper_action_std[49m[43m,[49m[43m [49m[38;5;124;43m"[39;49m[38;5;124;43mHopper D4RL[39;49m[38;5;124;43m"[39;49m[43m)[49m
[1;32m      2[0m lift_results [38;5;241m=[39m compute_diversity_metrics(lift_policy_actions, lift_action_std, [38;5;124m"[39m[38;5;124mLift Robomimic[39m[38;5;124m"[39m)

Cell [0;32mIn[7], line 83[0m, in [0;36mcompute_diversity_metrics[0;34m(policy_actions, action_std, domain_name)[0m
[1;32m     81[0m [38;5;28mprint[39m([38;5;124mf[39m[38;5;124m"[39m[38;5;124m"[39m)
[1;32m     82[0m [38;5;28mprint[39m([38;5;124mf[39m[38;5;124m"[39m[38;5;124mPairwise distance matrix:[39m[38;5;124m"[39m)
[0;32m---> 83[0m header [38;5;241m=[39m [38;5;124m"[39m[38;5;124m         [39m[38;5;124m"[39m [38;5;241m+[39m [38;5;124;43m"[39;49m[38;5;124;43m [39;49m[38;5;124;43m"[39;49m[38;5;241;43m.[39;49m[43mjoin[49m[43m([49m[38;5;124;43mf[39;49m[38;5;124;43m"[39;49m[38;5;132;43;01m{[39;49;00m[43mn[49m[38;5;132;43;01m:[39;49;00m[38;5;124;43m>10s[39;49m[38;5;132;43;01m}[39;49;00m[38;5;124;43m"[39;49m[43m [49m[38;5;28;43;01mfor[39;49;00m[43m [49m[43mn[49m[43m [49m[38;5;129;43;01min[39;49;00m[43m [49m[43mnames[49m[43m)[49m
[1;32m     84[0m [38;5;28mprint[39m(header)
[1;32m     85[0m [38;5;28;01mfor[39;00m i, ni [38;5;129;01min[39;00m [38;5;28menumerate[39m(names):

Cell [0;32mIn[7], line 83[0m, in [0;36m<genexpr>[0;34m(.0)[0m
[1;32m     81[0m [38;5;28mprint[39m([38;5;124mf[39m[38;5;124m"[39m[38;5;124m"[39m)
[1;32m     82[0m [38;5;28mprint[39m([38;5;124mf[39m[38;5;124m"[39m[38;5;124mPairwise distance matrix:[39m[38;5;124m"[39m)
[0;32m---> 83[0m header [38;5;241m=[39m [38;5;124m"[39m[38;5;124m         [39m[38;5;124m"[39m [38;5;241m+[39m [38;5;124m"[39m[38;5;124m [39m[38;5;124m"[39m[38;5;241m.[39mjoin([38;5;124mf[39m[38;5;124m"[39m[38;5;132;01m{[39;00mn[38;5;132;01m:[39;00m[38;5;124m>10s[39m[38;5;132;01m}[39;00m[38;5;124m"[39m [38;5;28;01mfor[39;00m n [38;5;129;01min[39;00m names)
[1;32m     84[0m [38;5;28mprint[39m(header)
[1;32m     85[0m [38;5;28;01mfor[39;00m i, ni [38;5;129;01min[39;00m [38;5;28menumerate[39m(names):

[0;31mValueError[0m: Unknown format code 's' for object of type 'int'

