[NbConvertApp] Converting notebook experiments/2026-03-17/MVP_v0.2.5.12_d4rl_diagnostics_quick.ipynb to notebook
pybullet build time: Jan 29 2025 23:16:28
Traceback (most recent call last):
  File "/home1/reishuen/miniconda3/envs/latent_sope/bin/jupyter-nbconvert", line 6, in <module>
    sys.exit(main())
  File "/home1/reishuen/miniconda3/envs/latent_sope/lib/python3.10/site-packages/jupyter_core/application.py", line 284, in launch_instance
    super().launch_instance(argv=argv, **kwargs)
  File "/home1/reishuen/miniconda3/envs/latent_sope/lib/python3.10/site-packages/traitlets/config/application.py", line 1075, in launch_instance
    app.start()
  File "/home1/reishuen/miniconda3/envs/latent_sope/lib/python3.10/site-packages/nbconvert/nbconvertapp.py", line 420, in start
    self.convert_notebooks()
  File "/home1/reishuen/miniconda3/envs/latent_sope/lib/python3.10/site-packages/nbconvert/nbconvertapp.py", line 597, in convert_notebooks
    self.convert_single_notebook(notebook_filename)
  File "/home1/reishuen/miniconda3/envs/latent_sope/lib/python3.10/site-packages/nbconvert/nbconvertapp.py", line 563, in convert_single_notebook
    output, resources = self.export_single_notebook(
  File "/home1/reishuen/miniconda3/envs/latent_sope/lib/python3.10/site-packages/nbconvert/nbconvertapp.py", line 487, in export_single_notebook
    output, resources = self.exporter.from_filename(
  File "/home1/reishuen/miniconda3/envs/latent_sope/lib/python3.10/site-packages/nbconvert/exporters/exporter.py", line 201, in from_filename
    return self.from_file(f, resources=resources, **kw)
  File "/home1/reishuen/miniconda3/envs/latent_sope/lib/python3.10/site-packages/nbconvert/exporters/exporter.py", line 220, in from_file
    return self.from_notebook_node(
  File "/home1/reishuen/miniconda3/envs/latent_sope/lib/python3.10/site-packages/nbconvert/exporters/notebook.py", line 36, in from_notebook_node
    nb_copy, resources = super().from_notebook_node(nb, resources, **kw)
  File "/home1/reishuen/miniconda3/envs/latent_sope/lib/python3.10/site-packages/nbconvert/exporters/exporter.py", line 154, in from_notebook_node
    nb_copy, resources = self._preprocess(nb_copy, resources)
  File "/home1/reishuen/miniconda3/envs/latent_sope/lib/python3.10/site-packages/nbconvert/exporters/exporter.py", line 353, in _preprocess
    nbc, resc = preprocessor(nbc, resc)
  File "/home1/reishuen/miniconda3/envs/latent_sope/lib/python3.10/site-packages/nbconvert/preprocessors/base.py", line 48, in __call__
    return self.preprocess(nb, resources)
  File "/home1/reishuen/miniconda3/envs/latent_sope/lib/python3.10/site-packages/nbconvert/preprocessors/execute.py", line 103, in preprocess
    self.preprocess_cell(cell, resources, index)
  File "/home1/reishuen/miniconda3/envs/latent_sope/lib/python3.10/site-packages/nbconvert/preprocessors/execute.py", line 124, in preprocess_cell
    cell = self.execute_cell(cell, index, store_history=True)
  File "/home1/reishuen/miniconda3/envs/latent_sope/lib/python3.10/site-packages/jupyter_core/utils/__init__.py", line 165, in wrapped
    return loop.run_until_complete(inner)
  File "/home1/reishuen/miniconda3/envs/latent_sope/lib/python3.10/asyncio/base_events.py", line 649, in run_until_complete
    return future.result()
  File "/home1/reishuen/miniconda3/envs/latent_sope/lib/python3.10/site-packages/nbclient/client.py", line 1062, in async_execute_cell
    await self._check_raise_for_error(cell, cell_index, exec_reply)
  File "/home1/reishuen/miniconda3/envs/latent_sope/lib/python3.10/site-packages/nbclient/client.py", line 918, in _check_raise_for_error
    raise CellExecutionError.from_cell_and_msg(cell, exec_reply_content)
nbclient.exceptions.CellExecutionError: An error occurred while executing the following cell:
------------------
# ── Diagnostic 3: Gradient Direction Test ──
def run_diag3(policy_names, policies, test_obs, test_act, label, lr=0.1, steps=50, n_samp=200):
    print(f"\n{'='*60}")
    print(f"Diag 3: Gradient Direction Test — {label}")
    print(f"  (lr={lr}, {steps} steps, {n_samp} samples)")
    print(f"{'='*60}")
    print(f"  {'Policy':<20} {'init_dist':>10} {'final_dist':>11} {'Δ':>10}")
    print(f"  {'─'*52}")
    results = {}
    obs_b = test_obs[:n_samp]
    real_b = test_act[:n_samp]
    for nm in policy_names:
        pol = policies[nm]
        rand_act = torch.randn_like(real_b)
        init_d = (rand_act - real_b).norm(dim=-1).mean().item()
        cur = rand_act.clone().detach().requires_grad_(True)
        for _ in range(steps):
            lp = pol.log_prob(obs_b, cur)
            lp.sum().backward()
            with torch.no_grad(): cur.data += lr * cur.grad
            cur.grad.zero_()
        final_d = (cur.detach() - real_b).norm(dim=-1).mean().item()
        pct = (final_d - init_d) / init_d * 100
        results[nm] = pct
        print(f"  {nm:<20} {init_d:>10.3f} {final_d:>11.3f} {pct:>+9.1f}%")
    mean_pct = np.mean(list(results.values()))
    print(f"\n  Mean: {mean_pct:+.1f}% (SAC ref: -26.3%)")
    return {"results": results, "mean": mean_pct}

cross_d3 = run_diag3(cross_names, all_policies, test_obs_t, test_act_t, "Cross-dataset")
within_d3 = run_diag3(within_names, all_policies, test_obs_t, test_act_t, "Within-dataset")
------------------

----- stdout -----

============================================================
Diag 3: Gradient Direction Test — Cross-dataset
  (lr=0.1, 50 steps, 200 samples)
============================================================
  Policy                init_dist  final_dist          Δ
  ────────────────────────────────────────────────────
----- stdout -----
  random                    1.968       1.048     -46.7%
----- stderr -----
/home1/reishuen/miniconda3/envs/latent_sope/lib/python3.10/site-packages/torch/autograd/graph.py:865: UserWarning: Error detected in AddmmBackward0. Traceback of forward call that caused the error:
  File "/home1/reishuen/miniconda3/envs/latent_sope/lib/python3.10/runpy.py", line 196, in _run_module_as_main
    return _run_code(code, main_globals, None,
  File "/home1/reishuen/miniconda3/envs/latent_sope/lib/python3.10/runpy.py", line 86, in _run_code
    exec(code, run_globals)
  File "/home1/reishuen/miniconda3/envs/latent_sope/lib/python3.10/site-packages/ipykernel_launcher.py", line 18, in <module>
    app.launch_new_instance()
  File "/home1/reishuen/miniconda3/envs/latent_sope/lib/python3.10/site-packages/traitlets/config/application.py", line 1075, in launch_instance
    app.start()
  File "/home1/reishuen/miniconda3/envs/latent_sope/lib/python3.10/site-packages/ipykernel/kernelapp.py", line 758, in start
    self.io_loop.start()
  File "/home1/reishuen/miniconda3/envs/latent_sope/lib/python3.10/site-packages/tornado/platform/asyncio.py", line 211, in start
    self.asyncio_loop.run_forever()
  File "/home1/reishuen/miniconda3/envs/latent_sope/lib/python3.10/asyncio/base_events.py", line 603, in run_forever
    self._run_once()
  File "/home1/reishuen/miniconda3/envs/latent_sope/lib/python3.10/asyncio/base_events.py", line 1909, in _run_once
    handle._run()
  File "/home1/reishuen/miniconda3/envs/latent_sope/lib/python3.10/asyncio/events.py", line 80, in _run
    self._context.run(self._callback, *self._args)
  File "/home1/reishuen/miniconda3/envs/latent_sope/lib/python3.10/site-packages/ipykernel/utils.py", line 71, in preserve_context
    return await f(*args, **kwargs)
  File "/home1/reishuen/miniconda3/envs/latent_sope/lib/python3.10/site-packages/ipykernel/kernelbase.py", line 621, in shell_main
    await self.dispatch_shell(msg, subshell_id=subshell_id)
  File "/home1/reishuen/miniconda3/envs/latent_sope/lib/python3.10/site-packages/ipykernel/kernelbase.py", line 478, in dispatch_shell
    await result
  File "/home1/reishuen/miniconda3/envs/latent_sope/lib/python3.10/site-packages/ipykernel/ipkernel.py", line 372, in execute_request
    await super().execute_request(stream, ident, parent)
  File "/home1/reishuen/miniconda3/envs/latent_sope/lib/python3.10/site-packages/ipykernel/kernelbase.py", line 834, in execute_request
    reply_content = await reply_content
  File "/home1/reishuen/miniconda3/envs/latent_sope/lib/python3.10/site-packages/ipykernel/ipkernel.py", line 464, in do_execute
    res = shell.run_cell(
  File "/home1/reishuen/miniconda3/envs/latent_sope/lib/python3.10/site-packages/ipykernel/zmqshell.py", line 663, in run_cell
    return super().run_cell(*args, **kwargs)
  File "/home1/reishuen/miniconda3/envs/latent_sope/lib/python3.10/site-packages/IPython/core/interactiveshell.py", line 3077, in run_cell
    result = self._run_cell(
  File "/home1/reishuen/miniconda3/envs/latent_sope/lib/python3.10/site-packages/IPython/core/interactiveshell.py", line 3132, in _run_cell
    result = runner(coro)
  File "/home1/reishuen/miniconda3/envs/latent_sope/lib/python3.10/site-packages/IPython/core/async_helpers.py", line 128, in _pseudo_sync_runner
    coro.send(None)
  File "/home1/reishuen/miniconda3/envs/latent_sope/lib/python3.10/site-packages/IPython/core/interactiveshell.py", line 3336, in run_cell_async
    has_raised = await self.run_ast_nodes(code_ast.body, cell_name,
  File "/home1/reishuen/miniconda3/envs/latent_sope/lib/python3.10/site-packages/IPython/core/interactiveshell.py", line 3519, in run_ast_nodes
    if await self.run_code(code, result, async_=asy):
  File "/home1/reishuen/miniconda3/envs/latent_sope/lib/python3.10/site-packages/IPython/core/interactiveshell.py", line 3579, in run_code
    exec(code_obj, self.user_global_ns, self.user_ns)
  File "/tmp/SLURM_7451189/ipykernel_251379/2072105087.py", line 30, in <module>
    cross_d3 = run_diag3(cross_names, all_policies, test_obs_t, test_act_t, "Cross-dataset")
  File "/tmp/SLURM_7451189/ipykernel_251379/2072105087.py", line 18, in run_diag3
    lp = pol.log_prob(obs_b, cur)
  File "/tmp/SLURM_7451189/ipykernel_251379/3040787094.py", line 61, in log_prob
    m, s = self.forward(obs)
  File "/tmp/SLURM_7451189/ipykernel_251379/3040787094.py", line 58, in forward
    return self.mean_head(h), torch.clamp(F.softplus(self.log_std_head(h)), self.min_std, self.max_std)
  File "/home1/reishuen/miniconda3/envs/latent_sope/lib/python3.10/site-packages/torch/nn/modules/module.py", line 1776, in _wrapped_call_impl
    return self._call_impl(*args, **kwargs)
  File "/home1/reishuen/miniconda3/envs/latent_sope/lib/python3.10/site-packages/torch/nn/modules/module.py", line 1787, in _call_impl
    return forward_call(*args, **kwargs)
  File "/home1/reishuen/miniconda3/envs/latent_sope/lib/python3.10/site-packages/torch/nn/modules/linear.py", line 134, in forward
    return F.linear(input, self.weight, self.bias)
 (Triggered internally at /pytorch/torch/csrc/autograd/python_anomaly_mode.cpp:122.)
  return Variable._execution_engine.run_backward(  # Calls into the C++ engine to run the backward pass
------------------

[0;31m---------------------------------------------------------------------------[0m
[0;31mRuntimeError[0m                              Traceback (most recent call last)
Cell [0;32mIn[5], line 30[0m
[1;32m     27[0m     [38;5;28mprint[39m([38;5;124mf[39m[38;5;124m"[39m[38;5;130;01m\n[39;00m[38;5;124m  Mean: [39m[38;5;132;01m{[39;00mmean_pct[38;5;132;01m:[39;00m[38;5;124m+.1f[39m[38;5;132;01m}[39;00m[38;5;124m% (SAC ref: -26.3%)[39m[38;5;124m"[39m)
[1;32m     28[0m     [38;5;28;01mreturn[39;00m {[38;5;124m"[39m[38;5;124mresults[39m[38;5;124m"[39m: results, [38;5;124m"[39m[38;5;124mmean[39m[38;5;124m"[39m: mean_pct}
[0;32m---> 30[0m cross_d3 [38;5;241m=[39m [43mrun_diag3[49m[43m([49m[43mcross_names[49m[43m,[49m[43m [49m[43mall_policies[49m[43m,[49m[43m [49m[43mtest_obs_t[49m[43m,[49m[43m [49m[43mtest_act_t[49m[43m,[49m[43m [49m[38;5;124;43m"[39;49m[38;5;124;43mCross-dataset[39;49m[38;5;124;43m"[39;49m[43m)[49m
[1;32m     31[0m within_d3 [38;5;241m=[39m run_diag3(within_names, all_policies, test_obs_t, test_act_t, [38;5;124m"[39m[38;5;124mWithin-dataset[39m[38;5;124m"[39m)

Cell [0;32mIn[5], line 19[0m, in [0;36mrun_diag3[0;34m(policy_names, policies, test_obs, test_act, label, lr, steps, n_samp)[0m
[1;32m     17[0m [38;5;28;01mfor[39;00m _ [38;5;129;01min[39;00m [38;5;28mrange[39m(steps):
[1;32m     18[0m     lp [38;5;241m=[39m pol[38;5;241m.[39mlog_prob(obs_b, cur)
[0;32m---> 19[0m     [43mlp[49m[38;5;241;43m.[39;49m[43msum[49m[43m([49m[43m)[49m[38;5;241;43m.[39;49m[43mbackward[49m[43m([49m[43m)[49m
[1;32m     20[0m     [38;5;28;01mwith[39;00m torch[38;5;241m.[39mno_grad(): cur[38;5;241m.[39mdata [38;5;241m+[39m[38;5;241m=[39m lr [38;5;241m*[39m cur[38;5;241m.[39mgrad
[1;32m     21[0m     cur[38;5;241m.[39mgrad[38;5;241m.[39mzero_()

File [0;32m~/miniconda3/envs/latent_sope/lib/python3.10/site-packages/torch/_tensor.py:630[0m, in [0;36mTensor.backward[0;34m(self, gradient, retain_graph, create_graph, inputs)[0m
[1;32m    620[0m [38;5;28;01mif[39;00m has_torch_function_unary([38;5;28mself[39m):
[1;32m    621[0m     [38;5;28;01mreturn[39;00m handle_torch_function(
[1;32m    622[0m         Tensor[38;5;241m.[39mbackward,
[1;32m    623[0m         ([38;5;28mself[39m,),
[0;32m   (...)[0m
[1;32m    628[0m         inputs[38;5;241m=[39minputs,
[1;32m    629[0m     )
[0;32m--> 630[0m [43mtorch[49m[38;5;241;43m.[39;49m[43mautograd[49m[38;5;241;43m.[39;49m[43mbackward[49m[43m([49m
[1;32m    631[0m [43m    [49m[38;5;28;43mself[39;49m[43m,[49m[43m [49m[43mgradient[49m[43m,[49m[43m [49m[43mretain_graph[49m[43m,[49m[43m [49m[43mcreate_graph[49m[43m,[49m[43m [49m[43minputs[49m[38;5;241;43m=[39;49m[43minputs[49m
[1;32m    632[0m [43m[49m[43m)[49m

File [0;32m~/miniconda3/envs/latent_sope/lib/python3.10/site-packages/torch/autograd/__init__.py:364[0m, in [0;36mbackward[0;34m(tensors, grad_tensors, retain_graph, create_graph, grad_variables, inputs)[0m
[1;32m    359[0m     retain_graph [38;5;241m=[39m create_graph
[1;32m    361[0m [38;5;66;03m# The reason we repeat the same comment below is that[39;00m
[1;32m    362[0m [38;5;66;03m# some Python versions print out the first line of a multi-line function[39;00m
[1;32m    363[0m [38;5;66;03m# calls in the traceback and some print out the last line[39;00m
[0;32m--> 364[0m [43m_engine_run_backward[49m[43m([49m
[1;32m    365[0m [43m    [49m[43mtensors[49m[43m,[49m
[1;32m    366[0m [43m    [49m[43mgrad_tensors_[49m[43m,[49m
[1;32m    367[0m [43m    [49m[43mretain_graph[49m[43m,[49m
[1;32m    368[0m [43m    [49m[43mcreate_graph[49m[43m,[49m
[1;32m    369[0m [43m    [49m[43minputs_tuple[49m[43m,[49m
[1;32m    370[0m [43m    [49m[43mallow_unreachable[49m[38;5;241;43m=[39;49m[38;5;28;43;01mTrue[39;49;00m[43m,[49m
[1;32m    371[0m [43m    [49m[43maccumulate_grad[49m[38;5;241;43m=[39;49m[38;5;28;43;01mTrue[39;49;00m[43m,[49m
[1;32m    372[0m [43m[49m[43m)[49m

File [0;32m~/miniconda3/envs/latent_sope/lib/python3.10/site-packages/torch/autograd/graph.py:865[0m, in [0;36m_engine_run_backward[0;34m(t_outputs, *args, **kwargs)[0m
[1;32m    863[0m     unregister_hooks [38;5;241m=[39m _register_logging_hooks_on_whole_graph(t_outputs)
[1;32m    864[0m [38;5;28;01mtry[39;00m:
[0;32m--> 865[0m     [38;5;28;01mreturn[39;00m [43mVariable[49m[38;5;241;43m.[39;49m[43m_execution_engine[49m[38;5;241;43m.[39;49m[43mrun_backward[49m[43m([49m[43m  [49m[38;5;66;43;03m# Calls into the C++ engine to run the backward pass[39;49;00m
[1;32m    866[0m [43m        [49m[43mt_outputs[49m[43m,[49m[43m [49m[38;5;241;43m*[39;49m[43margs[49m[43m,[49m[43m [49m[38;5;241;43m*[39;49m[38;5;241;43m*[39;49m[43mkwargs[49m
[1;32m    867[0m [43m    [49m[43m)[49m  [38;5;66;03m# Calls into the C++ engine to run the backward pass[39;00m
[1;32m    868[0m [38;5;28;01mfinally[39;00m:
[1;32m    869[0m     [38;5;28;01mif[39;00m attach_logging_hooks:

[0;31mRuntimeError[0m: Function 'AddmmBackward0' returned nan values in its 1th output.

