[NbConvertApp] Converting notebook experiments/2026-03-17/addressing_action_diversity.ipynb to notebook
Traceback (most recent call last):
  File "/home1/reishuen/miniconda3/envs/latent_sope/bin/jupyter-nbconvert", line 6, in <module>
    sys.exit(main())
  File "/home1/reishuen/miniconda3/envs/latent_sope/lib/python3.10/site-packages/jupyter_core/application.py", line 284, in launch_instance
    super().launch_instance(argv=argv, **kwargs)
  File "/home1/reishuen/miniconda3/envs/latent_sope/lib/python3.10/site-packages/traitlets/config/application.py", line 1075, in launch_instance
    app.start()
  File "/home1/reishuen/miniconda3/envs/latent_sope/lib/python3.10/site-packages/nbconvert/nbconvertapp.py", line 420, in start
    self.convert_notebooks()
  File "/home1/reishuen/miniconda3/envs/latent_sope/lib/python3.10/site-packages/nbconvert/nbconvertapp.py", line 597, in convert_notebooks
    self.convert_single_notebook(notebook_filename)
  File "/home1/reishuen/miniconda3/envs/latent_sope/lib/python3.10/site-packages/nbconvert/nbconvertapp.py", line 563, in convert_single_notebook
    output, resources = self.export_single_notebook(
  File "/home1/reishuen/miniconda3/envs/latent_sope/lib/python3.10/site-packages/nbconvert/nbconvertapp.py", line 487, in export_single_notebook
    output, resources = self.exporter.from_filename(
  File "/home1/reishuen/miniconda3/envs/latent_sope/lib/python3.10/site-packages/nbconvert/exporters/exporter.py", line 201, in from_filename
    return self.from_file(f, resources=resources, **kw)
  File "/home1/reishuen/miniconda3/envs/latent_sope/lib/python3.10/site-packages/nbconvert/exporters/exporter.py", line 220, in from_file
    return self.from_notebook_node(
  File "/home1/reishuen/miniconda3/envs/latent_sope/lib/python3.10/site-packages/nbconvert/exporters/notebook.py", line 36, in from_notebook_node
    nb_copy, resources = super().from_notebook_node(nb, resources, **kw)
  File "/home1/reishuen/miniconda3/envs/latent_sope/lib/python3.10/site-packages/nbconvert/exporters/exporter.py", line 154, in from_notebook_node
    nb_copy, resources = self._preprocess(nb_copy, resources)
  File "/home1/reishuen/miniconda3/envs/latent_sope/lib/python3.10/site-packages/nbconvert/exporters/exporter.py", line 353, in _preprocess
    nbc, resc = preprocessor(nbc, resc)
  File "/home1/reishuen/miniconda3/envs/latent_sope/lib/python3.10/site-packages/nbconvert/preprocessors/base.py", line 48, in __call__
    return self.preprocess(nb, resources)
  File "/home1/reishuen/miniconda3/envs/latent_sope/lib/python3.10/site-packages/nbconvert/preprocessors/execute.py", line 103, in preprocess
    self.preprocess_cell(cell, resources, index)
  File "/home1/reishuen/miniconda3/envs/latent_sope/lib/python3.10/site-packages/nbconvert/preprocessors/execute.py", line 124, in preprocess_cell
    cell = self.execute_cell(cell, index, store_history=True)
  File "/home1/reishuen/miniconda3/envs/latent_sope/lib/python3.10/site-packages/jupyter_core/utils/__init__.py", line 165, in wrapped
    return loop.run_until_complete(inner)
  File "/home1/reishuen/miniconda3/envs/latent_sope/lib/python3.10/asyncio/base_events.py", line 649, in run_until_complete
    return future.result()
  File "/home1/reishuen/miniconda3/envs/latent_sope/lib/python3.10/site-packages/nbclient/client.py", line 1062, in async_execute_cell
    await self._check_raise_for_error(cell, cell_index, exec_reply)
  File "/home1/reishuen/miniconda3/envs/latent_sope/lib/python3.10/site-packages/nbclient/client.py", line 918, in _check_raise_for_error
    raise CellExecutionError.from_cell_and_msg(cell, exec_reply_content)
nbclient.exceptions.CellExecutionError: An error occurred while executing the following cell:
------------------
print("="*60)
print("TRAINING CQL ON LIFT (200 demos, 200 epochs)")
print("="*60)
t0 = time.time()
train(cql_cfg, device=DEVICE)
cql_time = time.time() - t0
print(f"\nCQL training completed in {cql_time/60:.1f} minutes")
------------------

----- stdout -----
============================================================
TRAINING CQL ON LIFT (200 demos, 200 epochs)
============================================================

============= New Training Run with Config =============
{
    "algo_name": "cql",
    "experiment": {
        "name": "lift_cql_200demos",
        "validate": false,
        "logging": {
            "terminal_output_to_txt": false,
            "log_tb": true,
            "log_wandb": false,
            "wandb_proj_name": "debug"
        },
        "save": {
            "enabled": true,
            "every_n_seconds": null,
            "every_n_epochs": 50,
            "epochs": [
                10,
                25,
                50,
                100,
                150,
                200
            ],
            "on_best_validation": false,
            "on_best_rollout_return": false,
            "on_best_rollout_success_rate": true
        },
        "epoch_every_n_steps": 100,
        "validation_epoch_every_n_steps": 10,
        "env": null,
        "additional_envs": null,
        "render": false,
        "render_video": false,
        "keep_all_videos": false,
        "video_skip": 5,
        "rollout": {
            "enabled": true,
            "n": 20,
            "horizon": 400,
            "rate": 25,
            "warmstart": 0,
            "terminate_on_success": true
        },
        "env_meta_update_dict": {},
        "ckpt_path": null
    },
    "train": {
        "data": [
            {
                "path": "/home1/reishuen/latent_sope/third_party/robomimic/datasets/lift/ph/low_dim_v15.hdf5"
            }
        ],
        "output_dir": "/home1/reishuen/latent_sope/third_party/robomimic/diffusion_policy_trained_models/lift_cql_200demos",
        "normalize_weights_by_ds_size": false,
        "num_data_workers": 0,
        "hdf5_cache_mode": "all",
        "hdf5_use_swmr": true,
        "hdf5_load_next_obs": true,
        "hdf5_normalize_obs": false,
        "hdf5_filter_key": null,
        "hdf5_validation_filter_key": null,
        "seq_length": 1,
        "pad_seq_length": true,
        "frame_stack": 1,
        "pad_frame_stack": true,
        "dataset_keys": [
            "actions",
            "rewards",
            "dones"
        ],
        "action_keys": [
            "actions"
        ],
        "action_config": {
            "actions": {
                "normalization": null
            }
        },
        "goal_mode": null,
        "cuda": true,
        "batch_size": 1024,
        "num_epochs": 200,
        "seed": 42,
        "max_grad_norm": null
    },
    "algo": {
        "optim_params": {
            "critic": {
                "learning_rate": {
                    "initial": 0.001,
                    "decay_factor": 0.0,
                    "epoch_schedule": []
                },
                "regularization": {
                    "L2": 0.0
                }
            },
            "actor": {
                "learning_rate": {
                    "initial": 0.0003,
                    "decay_factor": 0.0,
                    "epoch_schedule": []
                },
                "regularization": {
                    "L2": 0.0
                }
            }
        },
        "discount": 0.99,
        "n_step": 1,
        "target_tau": 0.005,
        "actor": {
            "bc_start_steps": 0,
            "target_entropy": "default",
            "max_gradient_norm": null,
            "net": {
                "type": "gaussian",
                "common": {
                    "std_activation": "exp",
                    "use_tanh": true,
                    "low_noise_eval": true
                },
                "gaussian": {
                    "init_last_fc_weight": 0.001,
                    "init_std": 0.3,
                    "fixed_std": false
                }
            },
            "layer_dims": [
                300,
                400
            ]
        },
        "critic": {
            "use_huber": false,
            "max_gradient_norm": null,
            "value_bounds": null,
            "num_action_samples": 1,
            "cql_weight": 1.0,
            "deterministic_backup": true,
            "min_q_weight": 1.0,
            "target_q_gap": 5.0,
            "num_random_actions": 10,
            "ensemble": {
                "n": 2
            },
            "layer_dims": [
                300,
                400
            ]
        }
    },
    "observation": {
        "modalities": {
            "obs": {
                "low_dim": [
                    "robot0_eef_pos",
                    "robot0_eef_quat",
                    "robot0_gripper_qpos",
                    "object"
                ],
                "rgb": [],
                "depth": [],
                "scan": []
            },
            "goal": {
                "low_dim": [],
                "rgb": [],
                "depth": [],
                "scan": []
            }
        },
        "encoder": {
            "low_dim": {
                "core_class": null,
                "core_kwargs": {},
                "obs_randomizer_class": null,
                "obs_randomizer_kwargs": {}
            },
            "rgb": {
                "core_class": "VisualCore",
                "core_kwargs": {},
                "obs_randomizer_class": null,
                "obs_randomizer_kwargs": {}
            },
            "depth": {
                "core_class": "VisualCore",
                "core_kwargs": {},
                "obs_randomizer_class": null,
                "obs_randomizer_kwargs": {}
            },
            "scan": {
                "core_class": "ScanCore",
                "core_kwargs": {},
                "obs_randomizer_class": null,
                "obs_randomizer_kwargs": {}
            }
        }
    },
    "meta": {
        "hp_base_config_file": null,
        "hp_keys": [],
        "hp_values": []
    }
}
------------------

[0;31m---------------------------------------------------------------------------[0m
[0;31mStdinNotImplementedError[0m                  Traceback (most recent call last)
Cell [0;32mIn[3], line 5[0m
[1;32m      3[0m [38;5;28mprint[39m([38;5;124m"[39m[38;5;124m=[39m[38;5;124m"[39m[38;5;241m*[39m[38;5;241m60[39m)
[1;32m      4[0m t0 [38;5;241m=[39m time[38;5;241m.[39mtime()
[0;32m----> 5[0m [43mtrain[49m[43m([49m[43mcql_cfg[49m[43m,[49m[43m [49m[43mdevice[49m[38;5;241;43m=[39;49m[43mDEVICE[49m[43m)[49m
[1;32m      6[0m cql_time [38;5;241m=[39m time[38;5;241m.[39mtime() [38;5;241m-[39m t0
[1;32m      7[0m [38;5;28mprint[39m([38;5;124mf[39m[38;5;124m"[39m[38;5;130;01m\n[39;00m[38;5;124mCQL training completed in [39m[38;5;132;01m{[39;00mcql_time[38;5;241m/[39m[38;5;241m60[39m[38;5;132;01m:[39;00m[38;5;124m.1f[39m[38;5;132;01m}[39;00m[38;5;124m minutes[39m[38;5;124m"[39m)

File [0;32m~/latent_sope/third_party/robomimic/robomimic/scripts/train.py:59[0m, in [0;36mtrain[0;34m(config, device, resume)[0m
[1;32m     57[0m [38;5;28mprint[39m(config)
[1;32m     58[0m [38;5;28mprint[39m([38;5;124m"[39m[38;5;124m"[39m)
[0;32m---> 59[0m log_dir, ckpt_dir, video_dir, time_dir [38;5;241m=[39m [43mTrainUtils[49m[38;5;241;43m.[39;49m[43mget_exp_dir[49m[43m([49m[43mconfig[49m[43m,[49m[43m [49m[43mresume[49m[38;5;241;43m=[39;49m[43mresume[49m[43m)[49m
[1;32m     61[0m [38;5;66;03m# path for latest model and backup (to support @resume functionality)[39;00m
[1;32m     62[0m latest_model_path [38;5;241m=[39m os[38;5;241m.[39mpath[38;5;241m.[39mjoin(time_dir, [38;5;124m"[39m[38;5;124mlast.pth[39m[38;5;124m"[39m)

File [0;32m~/latent_sope/third_party/robomimic/robomimic/utils/train_utils.py:68[0m, in [0;36mget_exp_dir[0;34m(config, auto_remove_exp_dir, resume)[0m
[1;32m     66[0m [38;5;28;01melif[39;00m os[38;5;241m.[39mpath[38;5;241m.[39mexists(base_output_dir):
[1;32m     67[0m     [38;5;28;01mif[39;00m [38;5;129;01mnot[39;00m auto_remove_exp_dir:
[0;32m---> 68[0m         ans [38;5;241m=[39m [38;5;28;43minput[39;49m[43m([49m[38;5;124;43m"[39;49m[38;5;124;43mWARNING: model directory ([39;49m[38;5;132;43;01m{}[39;49;00m[38;5;124;43m) already exists! [39;49m[38;5;130;43;01m\n[39;49;00m[38;5;124;43moverwrite? (y/n)[39;49m[38;5;130;43;01m\n[39;49;00m[38;5;124;43m"[39;49m[38;5;241;43m.[39;49m[43mformat[49m[43m([49m[43mbase_output_dir[49m[43m)[49m[43m)[49m
[1;32m     69[0m     [38;5;28;01melse[39;00m:
[1;32m     70[0m         ans [38;5;241m=[39m [38;5;124m"[39m[38;5;124my[39m[38;5;124m"[39m

File [0;32m~/miniconda3/envs/latent_sope/lib/python3.10/site-packages/ipykernel/kernelbase.py:1402[0m, in [0;36mKernel.raw_input[0;34m(self, prompt)[0m
[1;32m   1400[0m [38;5;28;01mif[39;00m [38;5;129;01mnot[39;00m [38;5;28mself[39m[38;5;241m.[39m_allow_stdin:
[1;32m   1401[0m     msg [38;5;241m=[39m [38;5;124m"[39m[38;5;124mraw_input was called, but this frontend does not support input requests.[39m[38;5;124m"[39m
[0;32m-> 1402[0m     [38;5;28;01mraise[39;00m StdinNotImplementedError(msg)
[1;32m   1403[0m [38;5;28;01mreturn[39;00m [38;5;28mself[39m[38;5;241m.[39m_input_request(
[1;32m   1404[0m     [38;5;28mstr[39m(prompt),
[1;32m   1405[0m     [38;5;28mself[39m[38;5;241m.[39m_get_shell_context_var([38;5;28mself[39m[38;5;241m.[39m_shell_parent_ident),
[1;32m   1406[0m     [38;5;28mself[39m[38;5;241m.[39mget_parent([38;5;124m"[39m[38;5;124mshell[39m[38;5;124m"[39m),
[1;32m   1407[0m     password[38;5;241m=[39m[38;5;28;01mFalse[39;00m,
[1;32m   1408[0m )

[0;31mStdinNotImplementedError[0m: raw_input was called, but this frontend does not support input requests.

