[NbConvertApp] Converting notebook experiments/2026-03-17/MVP_v0.2.5.11_d4rl_sope_calibration.ipynb to notebook
pybullet build time: Jan 29 2025 23:16:28
Traceback (most recent call last):
  File "/home1/reishuen/miniconda3/envs/latent_sope/bin/jupyter-nbconvert", line 6, in <module>
    sys.exit(main())
  File "/home1/reishuen/miniconda3/envs/latent_sope/lib/python3.10/site-packages/jupyter_core/application.py", line 284, in launch_instance
    super().launch_instance(argv=argv, **kwargs)
  File "/home1/reishuen/miniconda3/envs/latent_sope/lib/python3.10/site-packages/traitlets/config/application.py", line 1075, in launch_instance
    app.start()
  File "/home1/reishuen/miniconda3/envs/latent_sope/lib/python3.10/site-packages/nbconvert/nbconvertapp.py", line 420, in start
    self.convert_notebooks()
  File "/home1/reishuen/miniconda3/envs/latent_sope/lib/python3.10/site-packages/nbconvert/nbconvertapp.py", line 597, in convert_notebooks
    self.convert_single_notebook(notebook_filename)
  File "/home1/reishuen/miniconda3/envs/latent_sope/lib/python3.10/site-packages/nbconvert/nbconvertapp.py", line 563, in convert_single_notebook
    output, resources = self.export_single_notebook(
  File "/home1/reishuen/miniconda3/envs/latent_sope/lib/python3.10/site-packages/nbconvert/nbconvertapp.py", line 487, in export_single_notebook
    output, resources = self.exporter.from_filename(
  File "/home1/reishuen/miniconda3/envs/latent_sope/lib/python3.10/site-packages/nbconvert/exporters/exporter.py", line 201, in from_filename
    return self.from_file(f, resources=resources, **kw)
  File "/home1/reishuen/miniconda3/envs/latent_sope/lib/python3.10/site-packages/nbconvert/exporters/exporter.py", line 220, in from_file
    return self.from_notebook_node(
  File "/home1/reishuen/miniconda3/envs/latent_sope/lib/python3.10/site-packages/nbconvert/exporters/notebook.py", line 36, in from_notebook_node
    nb_copy, resources = super().from_notebook_node(nb, resources, **kw)
  File "/home1/reishuen/miniconda3/envs/latent_sope/lib/python3.10/site-packages/nbconvert/exporters/exporter.py", line 154, in from_notebook_node
    nb_copy, resources = self._preprocess(nb_copy, resources)
  File "/home1/reishuen/miniconda3/envs/latent_sope/lib/python3.10/site-packages/nbconvert/exporters/exporter.py", line 353, in _preprocess
    nbc, resc = preprocessor(nbc, resc)
  File "/home1/reishuen/miniconda3/envs/latent_sope/lib/python3.10/site-packages/nbconvert/preprocessors/base.py", line 48, in __call__
    return self.preprocess(nb, resources)
  File "/home1/reishuen/miniconda3/envs/latent_sope/lib/python3.10/site-packages/nbconvert/preprocessors/execute.py", line 103, in preprocess
    self.preprocess_cell(cell, resources, index)
  File "/home1/reishuen/miniconda3/envs/latent_sope/lib/python3.10/site-packages/nbconvert/preprocessors/execute.py", line 124, in preprocess_cell
    cell = self.execute_cell(cell, index, store_history=True)
  File "/home1/reishuen/miniconda3/envs/latent_sope/lib/python3.10/site-packages/jupyter_core/utils/__init__.py", line 165, in wrapped
    return loop.run_until_complete(inner)
  File "/home1/reishuen/miniconda3/envs/latent_sope/lib/python3.10/asyncio/base_events.py", line 649, in run_until_complete
    return future.result()
  File "/home1/reishuen/miniconda3/envs/latent_sope/lib/python3.10/site-packages/nbclient/client.py", line 1062, in async_execute_cell
    await self._check_raise_for_error(cell, cell_index, exec_reply)
  File "/home1/reishuen/miniconda3/envs/latent_sope/lib/python3.10/site-packages/nbclient/client.py", line 918, in _check_raise_for_error
    raise CellExecutionError.from_cell_and_msg(cell, exec_reply_content)
nbclient.exceptions.CellExecutionError: An error occurred while executing the following cell:
------------------
# ── Step 3b: Additional diagnostics (from hopper_d4rl_diagnostics.md reference) ──
# These match the diagnostics run on SOPE's original 11 SAC policies for Hopper.
# Reference values: mean cosine=0.4737, |grad|/|act|=572.7, NLL spread 3.9-43.8

test_act_t = torch.tensor(cross_data["medium"]["actions"][:500], dtype=torch.float32, device=device)

def compute_extra_diagnostics(policy_names, policies, test_obs, test_act, act_dim, label):
    """Compute |grad|/|action| ratio, GD convergence, Action NLL."""
    n = len(policy_names)
    
    # ── |grad|/|action| ratio ──
    print(f"\n  |grad|/|action| ratio:")
    grad_ratios = {}
    for nm in policy_names:
        g = policies[nm].grad_log_prob(test_obs, test_act)
        grad_norm = g.norm(dim=-1).mean().item()
        act_norm = test_act.norm(dim=-1).mean().item()
        ratio = grad_norm / max(act_norm, 1e-6)
        grad_ratios[nm] = {"grad_norm": grad_norm, "ratio": ratio}
        print(f"    {nm:<20} |grad|={grad_norm:.1f}, |act|={act_norm:.2f}, ratio={ratio:.1f}")
    mean_ratio = np.mean([v["ratio"] for v in grad_ratios.values()])
    print(f"    Mean ratio: {mean_ratio:.1f} (Hopper SAC ref: 572.7)")
    
    # ── Gradient direction test (GD convergence) ──
    print(f"\n  Gradient direction test (lr=0.1, 50 steps, 200 samples):")
    gd_results = {}
    for nm in policy_names:
        pol = policies[nm]
        n_samp = min(200, test_obs.shape[0])
        obs_batch = test_obs[:n_samp]
        real_act = test_act[:n_samp]
        # Start from random actions
        rand_act = torch.randn_like(real_act)
        init_dist = (rand_act - real_act).norm(dim=-1).mean().item()
        # Gradient ascent
        cur_act = rand_act.clone().detach().requires_grad_(True)
        for step in range(50):
            log_p = pol.log_prob(obs_batch, cur_act)
            log_p.sum().backward()
            with torch.no_grad():
                cur_act.data += 0.1 * cur_act.grad
            cur_act.grad.zero_()
        final_dist = (cur_act.detach() - real_act).norm(dim=-1).mean().item()
        improvement = (final_dist - init_dist) / init_dist * 100
        gd_results[nm] = improvement
        print(f"    {nm:<20} init={init_dist:.3f} final={final_dist:.3f} Δ={improvement:+.1f}%")
    mean_gd = np.mean(list(gd_results.values()))
    print(f"    Mean improvement: {mean_gd:+.1f}% (Hopper SAC ref: -26.3%)")
    
    # ── Action NLL under target policies ──
    print(f"\n  Action NLL (synthetic actions evaluated under each policy):")
    # Use actions sampled from the first policy as "synthetic" baseline
    synth_act = policies[policy_names[0]].sample_actions(test_obs).detach()
    nll_results = {}
    for nm in policy_names:
        nll = -policies[nm].log_prob(test_obs, synth_act).mean().item()
        nll_results[nm] = nll
        print(f"    {nm:<20} NLL={nll:.2f}")
    nll_vals = list(nll_results.values())
    nll_spread = max(nll_vals) - min(nll_vals)
    print(f"    NLL range: [{min(nll_vals):.1f}, {max(nll_vals):.1f}] (spread={nll_spread:.1f})")
    print(f"    (Hopper SAC ref: spread=39.9, range [3.9, 43.8])")
    
    return {"grad_ratios": grad_ratios, "mean_ratio": mean_ratio,
            "gd_results": gd_results, "mean_gd": mean_gd,
            "nll_results": nll_results, "nll_spread": nll_spread}

print(f"{'='*60}")
print("Step 3b: Additional Diagnostics (matching hopper_d4rl_diagnostics.md)")
print(f"{'='*60}")

cross_extra = compute_extra_diagnostics(cross_names, all_policies, test_obs_t, test_act_t,
                                         HOPPER_ACT_DIM, "Cross-dataset")
within_extra = compute_extra_diagnostics(within_names, all_policies, test_obs_t, test_act_t,
                                          HOPPER_ACT_DIM, "Within-dataset")

# Comparison table
print(f"\n{'='*60}")
print(f"{'Metric':<25} {'Cross':>10} {'Within':>10} {'SAC ref':>10}")
print(f"{'─'*55}")
print(f"{'|grad|/|act| ratio':<25} {cross_extra['mean_ratio']:>10.1f} {within_extra['mean_ratio']:>10.1f} {'572.7':>10}")
print(f"{'GD convergence':<25} {cross_extra['mean_gd']:>+9.1f}% {within_extra['mean_gd']:>+9.1f}% {'-26.3%':>10}")
print(f"{'NLL spread':<25} {cross_extra['nll_spread']:>10.1f} {within_extra['nll_spread']:>10.1f} {'39.9':>10}")
------------------

----- stdout -----
============================================================
Step 3b: Additional Diagnostics (matching hopper_d4rl_diagnostics.md)
============================================================

  |grad|/|action| ratio:
    random               |grad|=3.6, |act|=1.08, ratio=3.3
    medium               |grad|=15.8, |act|=1.08, ratio=14.6
    medium-replay        |grad|=7.1, |act|=1.08, ratio=6.6
    medium-expert        |grad|=12.5, |act|=1.08, ratio=11.5
    expert               |grad|=73.6, |act|=1.08, ratio=68.0
    full-replay          |grad|=6.8, |act|=1.08, ratio=6.3
    Mean ratio: 18.4 (Hopper SAC ref: 572.7)

  Gradient direction test (lr=0.1, 50 steps, 200 samples):
----- stdout -----
    random               init=1.808 final=1.048 Δ=-42.1%
----- stderr -----
/home1/reishuen/miniconda3/envs/latent_sope/lib/python3.10/site-packages/torch/autograd/graph.py:865: UserWarning: Error detected in AddmmBackward0. Traceback of forward call that caused the error:
  File "/home1/reishuen/miniconda3/envs/latent_sope/lib/python3.10/runpy.py", line 196, in _run_module_as_main
    return _run_code(code, main_globals, None,
  File "/home1/reishuen/miniconda3/envs/latent_sope/lib/python3.10/runpy.py", line 86, in _run_code
    exec(code, run_globals)
  File "/home1/reishuen/miniconda3/envs/latent_sope/lib/python3.10/site-packages/ipykernel_launcher.py", line 18, in <module>
    app.launch_new_instance()
  File "/home1/reishuen/miniconda3/envs/latent_sope/lib/python3.10/site-packages/traitlets/config/application.py", line 1075, in launch_instance
    app.start()
  File "/home1/reishuen/miniconda3/envs/latent_sope/lib/python3.10/site-packages/ipykernel/kernelapp.py", line 758, in start
    self.io_loop.start()
  File "/home1/reishuen/miniconda3/envs/latent_sope/lib/python3.10/site-packages/tornado/platform/asyncio.py", line 211, in start
    self.asyncio_loop.run_forever()
  File "/home1/reishuen/miniconda3/envs/latent_sope/lib/python3.10/asyncio/base_events.py", line 603, in run_forever
    self._run_once()
  File "/home1/reishuen/miniconda3/envs/latent_sope/lib/python3.10/asyncio/base_events.py", line 1909, in _run_once
    handle._run()
  File "/home1/reishuen/miniconda3/envs/latent_sope/lib/python3.10/asyncio/events.py", line 80, in _run
    self._context.run(self._callback, *self._args)
  File "/home1/reishuen/miniconda3/envs/latent_sope/lib/python3.10/site-packages/ipykernel/utils.py", line 71, in preserve_context
    return await f(*args, **kwargs)
  File "/home1/reishuen/miniconda3/envs/latent_sope/lib/python3.10/site-packages/ipykernel/kernelbase.py", line 621, in shell_main
    await self.dispatch_shell(msg, subshell_id=subshell_id)
  File "/home1/reishuen/miniconda3/envs/latent_sope/lib/python3.10/site-packages/ipykernel/kernelbase.py", line 478, in dispatch_shell
    await result
  File "/home1/reishuen/miniconda3/envs/latent_sope/lib/python3.10/site-packages/ipykernel/ipkernel.py", line 372, in execute_request
    await super().execute_request(stream, ident, parent)
  File "/home1/reishuen/miniconda3/envs/latent_sope/lib/python3.10/site-packages/ipykernel/kernelbase.py", line 834, in execute_request
    reply_content = await reply_content
  File "/home1/reishuen/miniconda3/envs/latent_sope/lib/python3.10/site-packages/ipykernel/ipkernel.py", line 464, in do_execute
    res = shell.run_cell(
  File "/home1/reishuen/miniconda3/envs/latent_sope/lib/python3.10/site-packages/ipykernel/zmqshell.py", line 663, in run_cell
    return super().run_cell(*args, **kwargs)
  File "/home1/reishuen/miniconda3/envs/latent_sope/lib/python3.10/site-packages/IPython/core/interactiveshell.py", line 3077, in run_cell
    result = self._run_cell(
  File "/home1/reishuen/miniconda3/envs/latent_sope/lib/python3.10/site-packages/IPython/core/interactiveshell.py", line 3132, in _run_cell
    result = runner(coro)
  File "/home1/reishuen/miniconda3/envs/latent_sope/lib/python3.10/site-packages/IPython/core/async_helpers.py", line 128, in _pseudo_sync_runner
    coro.send(None)
  File "/home1/reishuen/miniconda3/envs/latent_sope/lib/python3.10/site-packages/IPython/core/interactiveshell.py", line 3336, in run_cell_async
    has_raised = await self.run_ast_nodes(code_ast.body, cell_name,
  File "/home1/reishuen/miniconda3/envs/latent_sope/lib/python3.10/site-packages/IPython/core/interactiveshell.py", line 3519, in run_ast_nodes
    if await self.run_code(code, result, async_=asy):
  File "/home1/reishuen/miniconda3/envs/latent_sope/lib/python3.10/site-packages/IPython/core/interactiveshell.py", line 3579, in run_code
    exec(code_obj, self.user_global_ns, self.user_ns)
  File "/tmp/SLURM_7451188/ipykernel_704305/3162132527.py", line 72, in <module>
    cross_extra = compute_extra_diagnostics(cross_names, all_policies, test_obs_t, test_act_t,
  File "/tmp/SLURM_7451188/ipykernel_704305/3162132527.py", line 38, in compute_extra_diagnostics
    log_p = pol.log_prob(obs_batch, cur_act)
  File "/tmp/SLURM_7451188/ipykernel_704305/2149717671.py", line 28, in log_prob
    mean, std = self.forward(obs)
  File "/tmp/SLURM_7451188/ipykernel_704305/2149717671.py", line 24, in forward
    std = torch.clamp(F.softplus(self.log_std_head(h)), min=self.min_std, max=self.max_std)
  File "/home1/reishuen/miniconda3/envs/latent_sope/lib/python3.10/site-packages/torch/nn/modules/module.py", line 1776, in _wrapped_call_impl
    return self._call_impl(*args, **kwargs)
  File "/home1/reishuen/miniconda3/envs/latent_sope/lib/python3.10/site-packages/torch/nn/modules/module.py", line 1787, in _call_impl
    return forward_call(*args, **kwargs)
  File "/home1/reishuen/miniconda3/envs/latent_sope/lib/python3.10/site-packages/torch/nn/modules/linear.py", line 134, in forward
    return F.linear(input, self.weight, self.bias)
 (Triggered internally at /pytorch/torch/csrc/autograd/python_anomaly_mode.cpp:122.)
  return Variable._execution_engine.run_backward(  # Calls into the C++ engine to run the backward pass
------------------

[0;31m---------------------------------------------------------------------------[0m
[0;31mRuntimeError[0m                              Traceback (most recent call last)
Cell [0;32mIn[6], line 72[0m
[1;32m     69[0m [38;5;28mprint[39m([38;5;124m"[39m[38;5;124mStep 3b: Additional Diagnostics (matching hopper_d4rl_diagnostics.md)[39m[38;5;124m"[39m)
[1;32m     70[0m [38;5;28mprint[39m([38;5;124mf[39m[38;5;124m"[39m[38;5;132;01m{[39;00m[38;5;124m'[39m[38;5;124m=[39m[38;5;124m'[39m[38;5;241m*[39m[38;5;241m60[39m[38;5;132;01m}[39;00m[38;5;124m"[39m)
[0;32m---> 72[0m cross_extra [38;5;241m=[39m [43mcompute_extra_diagnostics[49m[43m([49m[43mcross_names[49m[43m,[49m[43m [49m[43mall_policies[49m[43m,[49m[43m [49m[43mtest_obs_t[49m[43m,[49m[43m [49m[43mtest_act_t[49m[43m,[49m
[1;32m     73[0m [43m                                         [49m[43mHOPPER_ACT_DIM[49m[43m,[49m[43m [49m[38;5;124;43m"[39;49m[38;5;124;43mCross-dataset[39;49m[38;5;124;43m"[39;49m[43m)[49m
[1;32m     74[0m within_extra [38;5;241m=[39m compute_extra_diagnostics(within_names, all_policies, test_obs_t, test_act_t,
[1;32m     75[0m                                           HOPPER_ACT_DIM, [38;5;124m"[39m[38;5;124mWithin-dataset[39m[38;5;124m"[39m)
[1;32m     77[0m [38;5;66;03m# Comparison table[39;00m

Cell [0;32mIn[6], line 39[0m, in [0;36mcompute_extra_diagnostics[0;34m(policy_names, policies, test_obs, test_act, act_dim, label)[0m
[1;32m     37[0m [38;5;28;01mfor[39;00m step [38;5;129;01min[39;00m [38;5;28mrange[39m([38;5;241m50[39m):
[1;32m     38[0m     log_p [38;5;241m=[39m pol[38;5;241m.[39mlog_prob(obs_batch, cur_act)
[0;32m---> 39[0m     [43mlog_p[49m[38;5;241;43m.[39;49m[43msum[49m[43m([49m[43m)[49m[38;5;241;43m.[39;49m[43mbackward[49m[43m([49m[43m)[49m
[1;32m     40[0m     [38;5;28;01mwith[39;00m torch[38;5;241m.[39mno_grad():
[1;32m     41[0m         cur_act[38;5;241m.[39mdata [38;5;241m+[39m[38;5;241m=[39m [38;5;241m0.1[39m [38;5;241m*[39m cur_act[38;5;241m.[39mgrad

File [0;32m~/miniconda3/envs/latent_sope/lib/python3.10/site-packages/torch/_tensor.py:630[0m, in [0;36mTensor.backward[0;34m(self, gradient, retain_graph, create_graph, inputs)[0m
[1;32m    620[0m [38;5;28;01mif[39;00m has_torch_function_unary([38;5;28mself[39m):
[1;32m    621[0m     [38;5;28;01mreturn[39;00m handle_torch_function(
[1;32m    622[0m         Tensor[38;5;241m.[39mbackward,
[1;32m    623[0m         ([38;5;28mself[39m,),
[0;32m   (...)[0m
[1;32m    628[0m         inputs[38;5;241m=[39minputs,
[1;32m    629[0m     )
[0;32m--> 630[0m [43mtorch[49m[38;5;241;43m.[39;49m[43mautograd[49m[38;5;241;43m.[39;49m[43mbackward[49m[43m([49m
[1;32m    631[0m [43m    [49m[38;5;28;43mself[39;49m[43m,[49m[43m [49m[43mgradient[49m[43m,[49m[43m [49m[43mretain_graph[49m[43m,[49m[43m [49m[43mcreate_graph[49m[43m,[49m[43m [49m[43minputs[49m[38;5;241;43m=[39;49m[43minputs[49m
[1;32m    632[0m [43m[49m[43m)[49m

File [0;32m~/miniconda3/envs/latent_sope/lib/python3.10/site-packages/torch/autograd/__init__.py:364[0m, in [0;36mbackward[0;34m(tensors, grad_tensors, retain_graph, create_graph, grad_variables, inputs)[0m
[1;32m    359[0m     retain_graph [38;5;241m=[39m create_graph
[1;32m    361[0m [38;5;66;03m# The reason we repeat the same comment below is that[39;00m
[1;32m    362[0m [38;5;66;03m# some Python versions print out the first line of a multi-line function[39;00m
[1;32m    363[0m [38;5;66;03m# calls in the traceback and some print out the last line[39;00m
[0;32m--> 364[0m [43m_engine_run_backward[49m[43m([49m
[1;32m    365[0m [43m    [49m[43mtensors[49m[43m,[49m
[1;32m    366[0m [43m    [49m[43mgrad_tensors_[49m[43m,[49m
[1;32m    367[0m [43m    [49m[43mretain_graph[49m[43m,[49m
[1;32m    368[0m [43m    [49m[43mcreate_graph[49m[43m,[49m
[1;32m    369[0m [43m    [49m[43minputs_tuple[49m[43m,[49m
[1;32m    370[0m [43m    [49m[43mallow_unreachable[49m[38;5;241;43m=[39;49m[38;5;28;43;01mTrue[39;49;00m[43m,[49m
[1;32m    371[0m [43m    [49m[43maccumulate_grad[49m[38;5;241;43m=[39;49m[38;5;28;43;01mTrue[39;49;00m[43m,[49m
[1;32m    372[0m [43m[49m[43m)[49m

File [0;32m~/miniconda3/envs/latent_sope/lib/python3.10/site-packages/torch/autograd/graph.py:865[0m, in [0;36m_engine_run_backward[0;34m(t_outputs, *args, **kwargs)[0m
[1;32m    863[0m     unregister_hooks [38;5;241m=[39m _register_logging_hooks_on_whole_graph(t_outputs)
[1;32m    864[0m [38;5;28;01mtry[39;00m:
[0;32m--> 865[0m     [38;5;28;01mreturn[39;00m [43mVariable[49m[38;5;241;43m.[39;49m[43m_execution_engine[49m[38;5;241;43m.[39;49m[43mrun_backward[49m[43m([49m[43m  [49m[38;5;66;43;03m# Calls into the C++ engine to run the backward pass[39;49;00m
[1;32m    866[0m [43m        [49m[43mt_outputs[49m[43m,[49m[43m [49m[38;5;241;43m*[39;49m[43margs[49m[43m,[49m[43m [49m[38;5;241;43m*[39;49m[38;5;241;43m*[39;49m[43mkwargs[49m
[1;32m    867[0m [43m    [49m[43m)[49m  [38;5;66;03m# Calls into the C++ engine to run the backward pass[39;00m
[1;32m    868[0m [38;5;28;01mfinally[39;00m:
[1;32m    869[0m     [38;5;28;01mif[39;00m attach_logging_hooks:

[0;31mRuntimeError[0m: Function 'AddmmBackward0' returned nan values in its 2th output.

