[NbConvertApp] Converting notebook experiments/2026-03-17/addressing_action_diversity.ipynb to notebook
Traceback (most recent call last):
  File "/home1/reishuen/miniconda3/envs/latent_sope/bin/jupyter-nbconvert", line 6, in <module>
    sys.exit(main())
  File "/home1/reishuen/miniconda3/envs/latent_sope/lib/python3.10/site-packages/jupyter_core/application.py", line 284, in launch_instance
    super().launch_instance(argv=argv, **kwargs)
  File "/home1/reishuen/miniconda3/envs/latent_sope/lib/python3.10/site-packages/traitlets/config/application.py", line 1075, in launch_instance
    app.start()
  File "/home1/reishuen/miniconda3/envs/latent_sope/lib/python3.10/site-packages/nbconvert/nbconvertapp.py", line 420, in start
    self.convert_notebooks()
  File "/home1/reishuen/miniconda3/envs/latent_sope/lib/python3.10/site-packages/nbconvert/nbconvertapp.py", line 597, in convert_notebooks
    self.convert_single_notebook(notebook_filename)
  File "/home1/reishuen/miniconda3/envs/latent_sope/lib/python3.10/site-packages/nbconvert/nbconvertapp.py", line 563, in convert_single_notebook
    output, resources = self.export_single_notebook(
  File "/home1/reishuen/miniconda3/envs/latent_sope/lib/python3.10/site-packages/nbconvert/nbconvertapp.py", line 487, in export_single_notebook
    output, resources = self.exporter.from_filename(
  File "/home1/reishuen/miniconda3/envs/latent_sope/lib/python3.10/site-packages/nbconvert/exporters/exporter.py", line 201, in from_filename
    return self.from_file(f, resources=resources, **kw)
  File "/home1/reishuen/miniconda3/envs/latent_sope/lib/python3.10/site-packages/nbconvert/exporters/exporter.py", line 220, in from_file
    return self.from_notebook_node(
  File "/home1/reishuen/miniconda3/envs/latent_sope/lib/python3.10/site-packages/nbconvert/exporters/notebook.py", line 36, in from_notebook_node
    nb_copy, resources = super().from_notebook_node(nb, resources, **kw)
  File "/home1/reishuen/miniconda3/envs/latent_sope/lib/python3.10/site-packages/nbconvert/exporters/exporter.py", line 154, in from_notebook_node
    nb_copy, resources = self._preprocess(nb_copy, resources)
  File "/home1/reishuen/miniconda3/envs/latent_sope/lib/python3.10/site-packages/nbconvert/exporters/exporter.py", line 353, in _preprocess
    nbc, resc = preprocessor(nbc, resc)
  File "/home1/reishuen/miniconda3/envs/latent_sope/lib/python3.10/site-packages/nbconvert/preprocessors/base.py", line 48, in __call__
    return self.preprocess(nb, resources)
  File "/home1/reishuen/miniconda3/envs/latent_sope/lib/python3.10/site-packages/nbconvert/preprocessors/execute.py", line 103, in preprocess
    self.preprocess_cell(cell, resources, index)
  File "/home1/reishuen/miniconda3/envs/latent_sope/lib/python3.10/site-packages/nbconvert/preprocessors/execute.py", line 124, in preprocess_cell
    cell = self.execute_cell(cell, index, store_history=True)
  File "/home1/reishuen/miniconda3/envs/latent_sope/lib/python3.10/site-packages/jupyter_core/utils/__init__.py", line 165, in wrapped
    return loop.run_until_complete(inner)
  File "/home1/reishuen/miniconda3/envs/latent_sope/lib/python3.10/asyncio/base_events.py", line 649, in run_until_complete
    return future.result()
  File "/home1/reishuen/miniconda3/envs/latent_sope/lib/python3.10/site-packages/nbclient/client.py", line 1062, in async_execute_cell
    await self._check_raise_for_error(cell, cell_index, exec_reply)
  File "/home1/reishuen/miniconda3/envs/latent_sope/lib/python3.10/site-packages/nbclient/client.py", line 918, in _check_raise_for_error
    raise CellExecutionError.from_cell_and_msg(cell, exec_reply_content)
nbclient.exceptions.CellExecutionError: An error occurred while executing the following cell:
------------------
# Query each policy at sampled states
# For BC (DiffusionPolicyUNet): use rollout policy with stacked obs
# For CQL/BCQ: use rollout policy

policy_actions = {}  # {name: (N_STATES, ACTION_DIM)}

for name, policy in sorted(rollout_policies.items()):
    print(f"Querying {name}...")
    actions_list = []
    for i, obs_dict in enumerate(sampled_obs_dicts):
        policy.start_episode()
        # Stack obs for policies that need observation_horizon > 1
        obs_input = {k: np.stack([v, v], axis=0).astype(np.float32) for k, v in obs_dict.items()}
        act = policy(obs_input)
        actions_list.append(act)
        if (i + 1) % 100 == 0:
            print(f"  {i+1}/{N_STATES}")
    policy_actions[name] = np.stack(actions_list, axis=0)
    print(f"  {name}: mean={policy_actions[name].mean(0)}, std={policy_actions[name].std(0)}")

# Add random policy
random_actions = np.random.uniform(-1, 1, size=(N_STATES, ACTION_DIM))
policy_actions["Random"] = random_actions
print(f"\nCollected actions from {len(policy_actions)} policies")
------------------

----- stdout -----
Querying BCQ...
------------------

[0;31m---------------------------------------------------------------------------[0m
[0;31mRuntimeError[0m                              Traceback (most recent call last)
Cell [0;32mIn[10], line 14[0m
[1;32m     12[0m [38;5;66;03m# Stack obs for policies that need observation_horizon > 1[39;00m
[1;32m     13[0m obs_input [38;5;241m=[39m {k: np[38;5;241m.[39mstack([v, v], axis[38;5;241m=[39m[38;5;241m0[39m)[38;5;241m.[39mastype(np[38;5;241m.[39mfloat32) [38;5;28;01mfor[39;00m k, v [38;5;129;01min[39;00m obs_dict[38;5;241m.[39mitems()}
[0;32m---> 14[0m act [38;5;241m=[39m [43mpolicy[49m[43m([49m[43mobs_input[49m[43m)[49m
[1;32m     15[0m actions_list[38;5;241m.[39mappend(act)
[1;32m     16[0m [38;5;28;01mif[39;00m (i [38;5;241m+[39m [38;5;241m1[39m) [38;5;241m%[39m [38;5;241m100[39m [38;5;241m==[39m [38;5;241m0[39m:

File [0;32m~/latent_sope/third_party/robomimic/robomimic/algo/algo.py:569[0m, in [0;36mRolloutPolicy.__call__[0;34m(self, ob, goal, batched_ob)[0m
[1;32m    567[0m [38;5;28;01mif[39;00m goal [38;5;129;01mis[39;00m [38;5;129;01mnot[39;00m [38;5;28;01mNone[39;00m:
[1;32m    568[0m     goal [38;5;241m=[39m [38;5;28mself[39m[38;5;241m.[39m_prepare_observation(goal, batched_ob[38;5;241m=[39mbatched_ob)
[0;32m--> 569[0m ac [38;5;241m=[39m [38;5;28;43mself[39;49m[38;5;241;43m.[39;49m[43mpolicy[49m[38;5;241;43m.[39;49m[43mget_action[49m[43m([49m[43mobs_dict[49m[38;5;241;43m=[39;49m[43mob[49m[43m,[49m[43m [49m[43mgoal_dict[49m[38;5;241;43m=[39;49m[43mgoal[49m[43m)[49m
[1;32m    570[0m [38;5;28;01mif[39;00m [38;5;129;01mnot[39;00m batched_ob:
[1;32m    571[0m     ac [38;5;241m=[39m ac[[38;5;241m0[39m]

File [0;32m~/latent_sope/third_party/robomimic/robomimic/algo/bcq.py:796[0m, in [0;36mBCQ.get_action[0;34m(self, obs_dict, goal_dict)[0m
[1;32m    784[0m [38;5;250m[39m[38;5;124;03m"""[39;00m
[1;32m    785[0m [38;5;124;03mGet policy action outputs.[39;00m
[1;32m    786[0m 
[0;32m   (...)[0m
[1;32m    792[0m [38;5;124;03m    action (torch.Tensor): action tensor[39;00m
[1;32m    793[0m [38;5;124;03m"""[39;00m
[1;32m    794[0m [38;5;28;01massert[39;00m [38;5;129;01mnot[39;00m [38;5;28mself[39m[38;5;241m.[39mnets[38;5;241m.[39mtraining
[0;32m--> 796[0m _, best_action [38;5;241m=[39m [38;5;28;43mself[39;49m[38;5;241;43m.[39;49m[43m_get_best_value[49m[43m([49m[43mobs_dict[49m[38;5;241;43m=[39;49m[43mobs_dict[49m[43m,[49m[43m [49m[43mgoal_dict[49m[38;5;241;43m=[39;49m[43mgoal_dict[49m[43m)[49m
[1;32m    797[0m [38;5;28;01mreturn[39;00m best_action

File [0;32m~/latent_sope/third_party/robomimic/robomimic/algo/bcq.py:765[0m, in [0;36mBCQ._get_best_value[0;34m(self, obs_dict, goal_dict)[0m
[1;32m    762[0m [38;5;28;01mif[39;00m [38;5;28mlen[39m([38;5;28mself[39m[38;5;241m.[39mgoal_shapes) [38;5;241m>[39m [38;5;241m0[39m:
[1;32m    763[0m     goal_tiled [38;5;241m=[39m ObsUtils[38;5;241m.[39mrepeat_and_stack_observation(goal_dict, n[38;5;241m=[39mnum_action_samples)
[0;32m--> 765[0m sampled_actions [38;5;241m=[39m [38;5;28;43mself[39;49m[38;5;241;43m.[39;49m[43m_sample_actions_for_value_maximization[49m[43m([49m
[1;32m    766[0m [43m    [49m[43mstates_tiled[49m[38;5;241;43m=[39;49m[43mob_tiled[49m[43m,[49m[43m [49m
[1;32m    767[0m [43m    [49m[43mgoal_states_tiled[49m[38;5;241;43m=[39;49m[43mgoal_tiled[49m[43m,[49m
[1;32m    768[0m [43m    [49m[43mfor_target_update[49m[38;5;241;43m=[39;49m[38;5;28;43;01mFalse[39;49;00m[43m,[49m
[1;32m    769[0m [43m[49m[43m)[49m
[1;32m    771[0m [38;5;66;03m# feed tiled observations and perturbed sampled actions into the critic and then[39;00m
[1;32m    772[0m [38;5;66;03m# reshape to get all Q-values in second dimension per observation in batch.[39;00m
[1;32m    773[0m [38;5;66;03m# finally, just take a maximum across that second dimension to take the best sampled action[39;00m
[1;32m    774[0m all_critic_values [38;5;241m=[39m [38;5;28mself[39m[38;5;241m.[39mnets[[38;5;124m"[39m[38;5;124mcritic[39m[38;5;124m"[39m][[38;5;241m0[39m](ob_tiled, sampled_actions, goal_tiled)[38;5;241m.[39mreshape([38;5;241m-[39m[38;5;241m1[39m, num_action_samples)

File [0;32m~/latent_sope/third_party/robomimic/robomimic/algo/bcq.py:454[0m, in [0;36mBCQ._sample_actions_for_value_maximization[0;34m(self, states_tiled, goal_states_tiled, for_target_update)[0m
[1;32m    433[0m [38;5;250m[39m[38;5;124;03m"""[39;00m
[1;32m    434[0m [38;5;124;03mHelper function to sample actions for maximization (the "batch-constrained" part of [39;00m
[1;32m    435[0m [38;5;124;03mbatch-constrained q-learning).[39;00m
[0;32m   (...)[0m
[1;32m    450[0m [38;5;124;03m        perturbed by the actor network[39;00m
[1;32m    451[0m [38;5;124;03m"""[39;00m
[1;32m    453[0m [38;5;28;01mwith[39;00m torch[38;5;241m.[39mno_grad():
[0;32m--> 454[0m     sampled_actions [38;5;241m=[39m [38;5;28;43mself[39;49m[38;5;241;43m.[39;49m[43mnets[49m[43m[[49m[38;5;124;43m"[39;49m[38;5;124;43maction_sampler[39;49m[38;5;124;43m"[39;49m[43m][49m[43m([49m[43mstates_tiled[49m[43m,[49m[43m [49m[43mgoal_states_tiled[49m[43m)[49m
[1;32m    455[0m     [38;5;28;01mif[39;00m [38;5;28mself[39m[38;5;241m.[39malgo_config[38;5;241m.[39mactor[38;5;241m.[39menabled:
[1;32m    456[0m         actor [38;5;241m=[39m [38;5;28mself[39m[38;5;241m.[39mnets[[38;5;124m"[39m[38;5;124mactor[39m[38;5;124m"[39m]

File [0;32m~/miniconda3/envs/latent_sope/lib/python3.10/site-packages/torch/nn/modules/module.py:1776[0m, in [0;36mModule._wrapped_call_impl[0;34m(self, *args, **kwargs)[0m
[1;32m   1774[0m     [38;5;28;01mreturn[39;00m [38;5;28mself[39m[38;5;241m.[39m_compiled_call_impl([38;5;241m*[39margs, [38;5;241m*[39m[38;5;241m*[39mkwargs)  [38;5;66;03m# type: ignore[misc][39;00m
[1;32m   1775[0m [38;5;28;01melse[39;00m:
[0;32m-> 1776[0m     [38;5;28;01mreturn[39;00m [38;5;28;43mself[39;49m[38;5;241;43m.[39;49m[43m_call_impl[49m[43m([49m[38;5;241;43m*[39;49m[43margs[49m[43m,[49m[43m [49m[38;5;241;43m*[39;49m[38;5;241;43m*[39;49m[43mkwargs[49m[43m)[49m

File [0;32m~/miniconda3/envs/latent_sope/lib/python3.10/site-packages/torch/nn/modules/module.py:1787[0m, in [0;36mModule._call_impl[0;34m(self, *args, **kwargs)[0m
[1;32m   1782[0m [38;5;66;03m# If we don't have any hooks, we want to skip the rest of the logic in[39;00m
[1;32m   1783[0m [38;5;66;03m# this function, and just call forward.[39;00m
[1;32m   1784[0m [38;5;28;01mif[39;00m [38;5;129;01mnot[39;00m ([38;5;28mself[39m[38;5;241m.[39m_backward_hooks [38;5;129;01mor[39;00m [38;5;28mself[39m[38;5;241m.[39m_backward_pre_hooks [38;5;129;01mor[39;00m [38;5;28mself[39m[38;5;241m.[39m_forward_hooks [38;5;129;01mor[39;00m [38;5;28mself[39m[38;5;241m.[39m_forward_pre_hooks
[1;32m   1785[0m         [38;5;129;01mor[39;00m _global_backward_pre_hooks [38;5;129;01mor[39;00m _global_backward_hooks
[1;32m   1786[0m         [38;5;129;01mor[39;00m _global_forward_hooks [38;5;129;01mor[39;00m _global_forward_pre_hooks):
[0;32m-> 1787[0m     [38;5;28;01mreturn[39;00m [43mforward_call[49m[43m([49m[38;5;241;43m*[39;49m[43margs[49m[43m,[49m[43m [49m[38;5;241;43m*[39;49m[38;5;241;43m*[39;49m[43mkwargs[49m[43m)[49m
[1;32m   1789[0m result [38;5;241m=[39m [38;5;28;01mNone[39;00m
[1;32m   1790[0m called_always_called_hooks [38;5;241m=[39m [38;5;28mset[39m()

File [0;32m~/latent_sope/third_party/robomimic/robomimic/models/policy_nets.py:1570[0m, in [0;36mVAEActor.forward[0;34m(self, obs_dict, goal_dict, z)[0m
[1;32m   1568[0m     mod [38;5;241m=[39m [38;5;28mlist[39m(obs_dict[38;5;241m.[39mkeys())[[38;5;241m0[39m]
[1;32m   1569[0m     n [38;5;241m=[39m obs_dict[mod][38;5;241m.[39mshape[[38;5;241m0[39m]
[0;32m-> 1570[0m [38;5;28;01mreturn[39;00m [38;5;28;43mself[39;49m[38;5;241;43m.[39;49m[43mdecode[49m[43m([49m[43mobs_dict[49m[38;5;241;43m=[39;49m[43mobs_dict[49m[43m,[49m[43m [49m[43mgoal_dict[49m[38;5;241;43m=[39;49m[43mgoal_dict[49m[43m,[49m[43m [49m[43mz[49m[38;5;241;43m=[39;49m[43mz[49m[43m,[49m[43m [49m[43mn[49m[38;5;241;43m=[39;49m[43mn[49m[43m)[49m[[38;5;124m"[39m[38;5;124maction[39m[38;5;124m"[39m]

File [0;32m~/latent_sope/third_party/robomimic/robomimic/models/policy_nets.py:1472[0m, in [0;36mVAEActor.decode[0;34m(self, obs_dict, goal_dict, z, n)[0m
[1;32m   1449[0m [38;5;28;01mdef[39;00m[38;5;250m [39m[38;5;21mdecode[39m([38;5;28mself[39m, obs_dict[38;5;241m=[39m[38;5;28;01mNone[39;00m, goal_dict[38;5;241m=[39m[38;5;28;01mNone[39;00m, z[38;5;241m=[39m[38;5;28;01mNone[39;00m, n[38;5;241m=[39m[38;5;28;01mNone[39;00m):
[1;32m   1450[0m [38;5;250m    [39m[38;5;124;03m"""[39;00m
[1;32m   1451[0m [38;5;124;03m    Thin wrapper around @VaeNets.VAE implementation.[39;00m
[1;32m   1452[0m 
[0;32m   (...)[0m
[1;32m   1470[0m [38;5;124;03m            with a single "action" key)[39;00m
[1;32m   1471[0m [38;5;124;03m    """[39;00m
[0;32m-> 1472[0m     [38;5;28;01mreturn[39;00m [38;5;28;43mself[39;49m[38;5;241;43m.[39;49m[43m_vae[49m[38;5;241;43m.[39;49m[43mdecode[49m[43m([49m[43mconditions[49m[38;5;241;43m=[39;49m[43mobs_dict[49m[43m,[49m[43m [49m[43mgoals[49m[38;5;241;43m=[39;49m[43mgoal_dict[49m[43m,[49m[43m [49m[43mz[49m[38;5;241;43m=[39;49m[43mz[49m[43m,[49m[43m [49m[43mn[49m[38;5;241;43m=[39;49m[43mn[49m[43m)[49m

File [0;32m~/latent_sope/third_party/robomimic/robomimic/models/vae_nets.py:1188[0m, in [0;36mVAE.decode[0;34m(self, conditions, goals, z, n)[0m
[1;32m   1181[0m inputs [38;5;241m=[39m [38;5;28mdict[39m(
[1;32m   1182[0m     [38;5;28minput[39m[38;5;241m=[39m[38;5;28mdict[39m(latent[38;5;241m=[39mz), 
[1;32m   1183[0m     condition[38;5;241m=[39mconditions, 
[1;32m   1184[0m     goal[38;5;241m=[39mgoals,
[1;32m   1185[0m )
[1;32m   1187[0m [38;5;66;03m# pass through decoder to reconstruct variables in @self.output_shapes[39;00m
[0;32m-> 1188[0m recons [38;5;241m=[39m [38;5;28;43mself[39;49m[38;5;241;43m.[39;49m[43mnets[49m[43m[[49m[38;5;124;43m"[39;49m[38;5;124;43mdecoder[39;49m[38;5;124;43m"[39;49m[43m][49m[43m([49m[38;5;241;43m*[39;49m[38;5;241;43m*[39;49m[43minputs[49m[43m)[49m
[1;32m   1190[0m [38;5;66;03m# apply tanh squashing to output modalities[39;00m
[1;32m   1191[0m [38;5;28;01mfor[39;00m k [38;5;129;01min[39;00m [38;5;28mself[39m[38;5;241m.[39moutput_squash:

File [0;32m~/miniconda3/envs/latent_sope/lib/python3.10/site-packages/torch/nn/modules/module.py:1776[0m, in [0;36mModule._wrapped_call_impl[0;34m(self, *args, **kwargs)[0m
[1;32m   1774[0m     [38;5;28;01mreturn[39;00m [38;5;28mself[39m[38;5;241m.[39m_compiled_call_impl([38;5;241m*[39margs, [38;5;241m*[39m[38;5;241m*[39mkwargs)  [38;5;66;03m# type: ignore[misc][39;00m
[1;32m   1775[0m [38;5;28;01melse[39;00m:
[0;32m-> 1776[0m     [38;5;28;01mreturn[39;00m [38;5;28;43mself[39;49m[38;5;241;43m.[39;49m[43m_call_impl[49m[43m([49m[38;5;241;43m*[39;49m[43margs[49m[43m,[49m[43m [49m[38;5;241;43m*[39;49m[38;5;241;43m*[39;49m[43mkwargs[49m[43m)[49m

File [0;32m~/miniconda3/envs/latent_sope/lib/python3.10/site-packages/torch/nn/modules/module.py:1787[0m, in [0;36mModule._call_impl[0;34m(self, *args, **kwargs)[0m
[1;32m   1782[0m [38;5;66;03m# If we don't have any hooks, we want to skip the rest of the logic in[39;00m
[1;32m   1783[0m [38;5;66;03m# this function, and just call forward.[39;00m
[1;32m   1784[0m [38;5;28;01mif[39;00m [38;5;129;01mnot[39;00m ([38;5;28mself[39m[38;5;241m.[39m_backward_hooks [38;5;129;01mor[39;00m [38;5;28mself[39m[38;5;241m.[39m_backward_pre_hooks [38;5;129;01mor[39;00m [38;5;28mself[39m[38;5;241m.[39m_forward_hooks [38;5;129;01mor[39;00m [38;5;28mself[39m[38;5;241m.[39m_forward_pre_hooks
[1;32m   1785[0m         [38;5;129;01mor[39;00m _global_backward_pre_hooks [38;5;129;01mor[39;00m _global_backward_hooks
[1;32m   1786[0m         [38;5;129;01mor[39;00m _global_forward_hooks [38;5;129;01mor[39;00m _global_forward_pre_hooks):
[0;32m-> 1787[0m     [38;5;28;01mreturn[39;00m [43mforward_call[49m[43m([49m[38;5;241;43m*[39;49m[43margs[49m[43m,[49m[43m [49m[38;5;241;43m*[39;49m[38;5;241;43m*[39;49m[43mkwargs[49m[43m)[49m
[1;32m   1789[0m result [38;5;241m=[39m [38;5;28;01mNone[39;00m
[1;32m   1790[0m called_always_called_hooks [38;5;241m=[39m [38;5;28mset[39m()

File [0;32m~/latent_sope/third_party/robomimic/robomimic/models/obs_nets.py:654[0m, in [0;36mMIMO_MLP.forward[0;34m(self, **inputs)[0m
[1;32m    640[0m [38;5;250m[39m[38;5;124;03m"""[39;00m
[1;32m    641[0m [38;5;124;03mProcess each set of inputs in its own observation group.[39;00m
[1;32m    642[0m 
[0;32m   (...)[0m
[1;32m    651[0m [38;5;124;03m        to @self.output_shapes[39;00m
[1;32m    652[0m [38;5;124;03m"""[39;00m
[1;32m    653[0m enc_outputs [38;5;241m=[39m [38;5;28mself[39m[38;5;241m.[39mnets[[38;5;124m"[39m[38;5;124mencoder[39m[38;5;124m"[39m]([38;5;241m*[39m[38;5;241m*[39minputs)
[0;32m--> 654[0m mlp_out [38;5;241m=[39m [38;5;28;43mself[39;49m[38;5;241;43m.[39;49m[43mnets[49m[43m[[49m[38;5;124;43m"[39;49m[38;5;124;43mmlp[39;49m[38;5;124;43m"[39;49m[43m][49m[43m([49m[43menc_outputs[49m[43m)[49m
[1;32m    655[0m [38;5;28;01mreturn[39;00m [38;5;28mself[39m[38;5;241m.[39mnets[[38;5;124m"[39m[38;5;124mdecoder[39m[38;5;124m"[39m](mlp_out)

File [0;32m~/miniconda3/envs/latent_sope/lib/python3.10/site-packages/torch/nn/modules/module.py:1776[0m, in [0;36mModule._wrapped_call_impl[0;34m(self, *args, **kwargs)[0m
[1;32m   1774[0m     [38;5;28;01mreturn[39;00m [38;5;28mself[39m[38;5;241m.[39m_compiled_call_impl([38;5;241m*[39margs, [38;5;241m*[39m[38;5;241m*[39mkwargs)  [38;5;66;03m# type: ignore[misc][39;00m
[1;32m   1775[0m [38;5;28;01melse[39;00m:
[0;32m-> 1776[0m     [38;5;28;01mreturn[39;00m [38;5;28;43mself[39;49m[38;5;241;43m.[39;49m[43m_call_impl[49m[43m([49m[38;5;241;43m*[39;49m[43margs[49m[43m,[49m[43m [49m[38;5;241;43m*[39;49m[38;5;241;43m*[39;49m[43mkwargs[49m[43m)[49m

File [0;32m~/miniconda3/envs/latent_sope/lib/python3.10/site-packages/torch/nn/modules/module.py:1787[0m, in [0;36mModule._call_impl[0;34m(self, *args, **kwargs)[0m
[1;32m   1782[0m [38;5;66;03m# If we don't have any hooks, we want to skip the rest of the logic in[39;00m
[1;32m   1783[0m [38;5;66;03m# this function, and just call forward.[39;00m
[1;32m   1784[0m [38;5;28;01mif[39;00m [38;5;129;01mnot[39;00m ([38;5;28mself[39m[38;5;241m.[39m_backward_hooks [38;5;129;01mor[39;00m [38;5;28mself[39m[38;5;241m.[39m_backward_pre_hooks [38;5;129;01mor[39;00m [38;5;28mself[39m[38;5;241m.[39m_forward_hooks [38;5;129;01mor[39;00m [38;5;28mself[39m[38;5;241m.[39m_forward_pre_hooks
[1;32m   1785[0m         [38;5;129;01mor[39;00m _global_backward_pre_hooks [38;5;129;01mor[39;00m _global_backward_hooks
[1;32m   1786[0m         [38;5;129;01mor[39;00m _global_forward_hooks [38;5;129;01mor[39;00m _global_forward_pre_hooks):
[0;32m-> 1787[0m     [38;5;28;01mreturn[39;00m [43mforward_call[49m[43m([49m[38;5;241;43m*[39;49m[43margs[49m[43m,[49m[43m [49m[38;5;241;43m*[39;49m[38;5;241;43m*[39;49m[43mkwargs[49m[43m)[49m
[1;32m   1789[0m result [38;5;241m=[39m [38;5;28;01mNone[39;00m
[1;32m   1790[0m called_always_called_hooks [38;5;241m=[39m [38;5;28mset[39m()

File [0;32m~/latent_sope/third_party/robomimic/robomimic/models/base_nets.py:288[0m, in [0;36mMLP.forward[0;34m(self, inputs)[0m
[1;32m    284[0m [38;5;28;01mdef[39;00m[38;5;250m [39m[38;5;21mforward[39m([38;5;28mself[39m, inputs):
[1;32m    285[0m [38;5;250m    [39m[38;5;124;03m"""[39;00m
[1;32m    286[0m [38;5;124;03m    Forward pass.[39;00m
[1;32m    287[0m [38;5;124;03m    """[39;00m
[0;32m--> 288[0m     [38;5;28;01mreturn[39;00m [38;5;28;43mself[39;49m[38;5;241;43m.[39;49m[43m_model[49m[43m([49m[43minputs[49m[43m)[49m

File [0;32m~/miniconda3/envs/latent_sope/lib/python3.10/site-packages/torch/nn/modules/module.py:1776[0m, in [0;36mModule._wrapped_call_impl[0;34m(self, *args, **kwargs)[0m
[1;32m   1774[0m     [38;5;28;01mreturn[39;00m [38;5;28mself[39m[38;5;241m.[39m_compiled_call_impl([38;5;241m*[39margs, [38;5;241m*[39m[38;5;241m*[39mkwargs)  [38;5;66;03m# type: ignore[misc][39;00m
[1;32m   1775[0m [38;5;28;01melse[39;00m:
[0;32m-> 1776[0m     [38;5;28;01mreturn[39;00m [38;5;28;43mself[39;49m[38;5;241;43m.[39;49m[43m_call_impl[49m[43m([49m[38;5;241;43m*[39;49m[43margs[49m[43m,[49m[43m [49m[38;5;241;43m*[39;49m[38;5;241;43m*[39;49m[43mkwargs[49m[43m)[49m

File [0;32m~/miniconda3/envs/latent_sope/lib/python3.10/site-packages/torch/nn/modules/module.py:1787[0m, in [0;36mModule._call_impl[0;34m(self, *args, **kwargs)[0m
[1;32m   1782[0m [38;5;66;03m# If we don't have any hooks, we want to skip the rest of the logic in[39;00m
[1;32m   1783[0m [38;5;66;03m# this function, and just call forward.[39;00m
[1;32m   1784[0m [38;5;28;01mif[39;00m [38;5;129;01mnot[39;00m ([38;5;28mself[39m[38;5;241m.[39m_backward_hooks [38;5;129;01mor[39;00m [38;5;28mself[39m[38;5;241m.[39m_backward_pre_hooks [38;5;129;01mor[39;00m [38;5;28mself[39m[38;5;241m.[39m_forward_hooks [38;5;129;01mor[39;00m [38;5;28mself[39m[38;5;241m.[39m_forward_pre_hooks
[1;32m   1785[0m         [38;5;129;01mor[39;00m _global_backward_pre_hooks [38;5;129;01mor[39;00m _global_backward_hooks
[1;32m   1786[0m         [38;5;129;01mor[39;00m _global_forward_hooks [38;5;129;01mor[39;00m _global_forward_pre_hooks):
[0;32m-> 1787[0m     [38;5;28;01mreturn[39;00m [43mforward_call[49m[43m([49m[38;5;241;43m*[39;49m[43margs[49m[43m,[49m[43m [49m[38;5;241;43m*[39;49m[38;5;241;43m*[39;49m[43mkwargs[49m[43m)[49m
[1;32m   1789[0m result [38;5;241m=[39m [38;5;28;01mNone[39;00m
[1;32m   1790[0m called_always_called_hooks [38;5;241m=[39m [38;5;28mset[39m()

File [0;32m~/miniconda3/envs/latent_sope/lib/python3.10/site-packages/torch/nn/modules/container.py:253[0m, in [0;36mSequential.forward[0;34m(self, input)[0m
[1;32m    249[0m [38;5;250m[39m[38;5;124;03m"""[39;00m
[1;32m    250[0m [38;5;124;03mRuns the forward pass.[39;00m
[1;32m    251[0m [38;5;124;03m"""[39;00m
[1;32m    252[0m [38;5;28;01mfor[39;00m module [38;5;129;01min[39;00m [38;5;28mself[39m:
[0;32m--> 253[0m     [38;5;28minput[39m [38;5;241m=[39m [43mmodule[49m[43m([49m[38;5;28;43minput[39;49m[43m)[49m
[1;32m    254[0m [38;5;28;01mreturn[39;00m [38;5;28minput[39m

File [0;32m~/miniconda3/envs/latent_sope/lib/python3.10/site-packages/torch/nn/modules/module.py:1776[0m, in [0;36mModule._wrapped_call_impl[0;34m(self, *args, **kwargs)[0m
[1;32m   1774[0m     [38;5;28;01mreturn[39;00m [38;5;28mself[39m[38;5;241m.[39m_compiled_call_impl([38;5;241m*[39margs, [38;5;241m*[39m[38;5;241m*[39mkwargs)  [38;5;66;03m# type: ignore[misc][39;00m
[1;32m   1775[0m [38;5;28;01melse[39;00m:
[0;32m-> 1776[0m     [38;5;28;01mreturn[39;00m [38;5;28;43mself[39;49m[38;5;241;43m.[39;49m[43m_call_impl[49m[43m([49m[38;5;241;43m*[39;49m[43margs[49m[43m,[49m[43m [49m[38;5;241;43m*[39;49m[38;5;241;43m*[39;49m[43mkwargs[49m[43m)[49m

File [0;32m~/miniconda3/envs/latent_sope/lib/python3.10/site-packages/torch/nn/modules/module.py:1787[0m, in [0;36mModule._call_impl[0;34m(self, *args, **kwargs)[0m
[1;32m   1782[0m [38;5;66;03m# If we don't have any hooks, we want to skip the rest of the logic in[39;00m
[1;32m   1783[0m [38;5;66;03m# this function, and just call forward.[39;00m
[1;32m   1784[0m [38;5;28;01mif[39;00m [38;5;129;01mnot[39;00m ([38;5;28mself[39m[38;5;241m.[39m_backward_hooks [38;5;129;01mor[39;00m [38;5;28mself[39m[38;5;241m.[39m_backward_pre_hooks [38;5;129;01mor[39;00m [38;5;28mself[39m[38;5;241m.[39m_forward_hooks [38;5;129;01mor[39;00m [38;5;28mself[39m[38;5;241m.[39m_forward_pre_hooks
[1;32m   1785[0m         [38;5;129;01mor[39;00m _global_backward_pre_hooks [38;5;129;01mor[39;00m _global_backward_hooks
[1;32m   1786[0m         [38;5;129;01mor[39;00m _global_forward_hooks [38;5;129;01mor[39;00m _global_forward_pre_hooks):
[0;32m-> 1787[0m     [38;5;28;01mreturn[39;00m [43mforward_call[49m[43m([49m[38;5;241;43m*[39;49m[43margs[49m[43m,[49m[43m [49m[38;5;241;43m*[39;49m[38;5;241;43m*[39;49m[43mkwargs[49m[43m)[49m
[1;32m   1789[0m result [38;5;241m=[39m [38;5;28;01mNone[39;00m
[1;32m   1790[0m called_always_called_hooks [38;5;241m=[39m [38;5;28mset[39m()

File [0;32m~/miniconda3/envs/latent_sope/lib/python3.10/site-packages/torch/nn/modules/linear.py:134[0m, in [0;36mLinear.forward[0;34m(self, input)[0m
[1;32m    130[0m [38;5;28;01mdef[39;00m[38;5;250m [39m[38;5;21mforward[39m([38;5;28mself[39m, [38;5;28minput[39m: Tensor) [38;5;241m-[39m[38;5;241m>[39m Tensor:
[1;32m    131[0m [38;5;250m    [39m[38;5;124;03m"""[39;00m
[1;32m    132[0m [38;5;124;03m    Runs the forward pass.[39;00m
[1;32m    133[0m [38;5;124;03m    """[39;00m
[0;32m--> 134[0m     [38;5;28;01mreturn[39;00m [43mF[49m[38;5;241;43m.[39;49m[43mlinear[49m[43m([49m[38;5;28;43minput[39;49m[43m,[49m[43m [49m[38;5;28;43mself[39;49m[38;5;241;43m.[39;49m[43mweight[49m[43m,[49m[43m [49m[38;5;28;43mself[39;49m[38;5;241;43m.[39;49m[43mbias[49m[43m)[49m

[0;31mRuntimeError[0m: mat1 and mat2 shapes cannot be multiplied (100x52 and 33x300)

